{"./src/config.ts": {"path":"./src/config.ts","statementMap":{"0":{"start":{"line":4,"column":16},"end":{"line":4,"column":null}},"1":{"start":{"line":5,"column":15},"end":{"line":5,"column":null}},"2":{"start":{"line":9,"column":2},"end":{"line":9,"column":null}},"3":{"start":{"line":9,"column":25},"end":{"line":9,"column":null}},"4":{"start":{"line":10,"column":2},"end":{"line":10,"column":null}},"5":{"start":{"line":10,"column":24},"end":{"line":10,"column":null}},"6":{"start":{"line":12,"column":16},"end":{"line":12,"column":32}},"7":{"start":{"line":13,"column":2},"end":{"line":13,"column":null}},"8":{"start":{"line":13,"column":45},"end":{"line":13,"column":63}},"9":{"start":{"line":13,"column":66},"end":{"line":13,"column":null}},"10":{"start":{"line":14,"column":2},"end":{"line":14,"column":null}},"11":{"start":{"line":19,"column":2},"end":{"line":19,"column":null}},"12":{"start":{"line":24,"column":2},"end":{"line":24,"column":null}},"13":{"start":{"line":24,"column":33},"end":{"line":24,"column":41}},"14":{"start":{"line":29,"column":2},"end":{"line":29,"column":null}},"15":{"start":{"line":29,"column":34},"end":{"line":29,"column":null}},"16":{"start":{"line":30,"column":19},"end":{"line":30,"column":60}},"17":{"start":{"line":30,"column":38},"end":{"line":30,"column":59}},"18":{"start":{"line":31,"column":2},"end":{"line":34,"column":null}},"19":{"start":{"line":32,"column":4},"end":{"line":34,"column":null}},"20":{"start":{"line":41,"column":22},"end":{"line":41,"column":null}},"21":{"start":{"line":42,"column":20},"end":{"line":42,"column":null}},"22":{"start":{"line":45,"column":2},"end":{"line":50,"column":null}},"23":{"start":{"line":46,"column":4},"end":{"line":46,"column":null}},"24":{"start":{"line":47,"column":13},"end":{"line":50,"column":null}},"25":{"start":{"line":48,"column":4},"end":{"line":48,"column":null}},"26":{"start":{"line":50,"column":4},"end":{"line":50,"column":null}},"27":{"start":{"line":53,"column":23},"end":{"line":53,"column":49}},"28":{"start":{"line":56,"column":22},"end":{"line":56,"column":null}},"29":{"start":{"line":58,"column":2},"end":{"line":61,"column":null}},"30":{"start":{"line":59,"column":4},"end":{"line":59,"column":null}},"31":{"start":{"line":60,"column":13},"end":{"line":61,"column":null}},"32":{"start":{"line":61,"column":4},"end":{"line":61,"column":null}},"33":{"start":{"line":65,"column":17},"end":{"line":65,"column":60}},"34":{"start":{"line":68,"column":19},"end":{"line":68,"column":null}},"35":{"start":{"line":69,"column":31},"end":{"line":69,"column":null}},"36":{"start":{"line":70,"column":2},"end":{"line":70,"column":null}},"37":{"start":{"line":73,"column":21},"end":{"line":73,"column":null}},"38":{"start":{"line":74,"column":15},"end":{"line":74,"column":55}},"39":{"start":{"line":75,"column":22},"end":{"line":75,"column":null}},"40":{"start":{"line":78,"column":23},"end":{"line":78,"column":null}},"41":{"start":{"line":81,"column":2},"end":{"line":81,"column":null}},"42":{"start":{"line":82,"column":2},"end":{"line":82,"column":null}},"43":{"start":{"line":83,"column":2},"end":{"line":83,"column":null}},"44":{"start":{"line":84,"column":2},"end":{"line":84,"column":null}},"45":{"start":{"line":86,"column":2},"end":{"line":97,"column":null}}},"fnMap":{"0":{"name":"detectKeyFormat","decl":{"start":{"line":8,"column":16},"end":{"line":8,"column":32}},"loc":{"start":{"line":8,"column":74},"end":{"line":14,"column":null}},"line":8},"1":{"name":"(anonymous_1)","decl":{"start":{"line":13,"column":34},"end":{"line":13,"column":40}},"loc":{"start":{"line":13,"column":45},"end":{"line":13,"column":63}},"line":13},"2":{"name":"readSecretFile","decl":{"start":{"line":18,"column":9},"end":{"line":18,"column":24}},"loc":{"start":{"line":18,"column":46},"end":{"line":19,"column":null}},"line":18},"3":{"name":"parseRelays","decl":{"start":{"line":23,"column":9},"end":{"line":23,"column":21}},"loc":{"start":{"line":23,"column":44},"end":{"line":24,"column":null}},"line":23},"4":{"name":"(anonymous_4)","decl":{"start":{"line":24,"column":24},"end":{"line":24,"column":28}},"loc":{"start":{"line":24,"column":33},"end":{"line":24,"column":41}},"line":24},"5":{"name":"validateTorRelays","decl":{"start":{"line":28,"column":9},"end":{"line":28,"column":27}},"loc":{"start":{"line":28,"column":105},"end":{"line":34,"column":null}},"line":28},"6":{"name":"(anonymous_6)","decl":{"start":{"line":30,"column":26},"end":{"line":30,"column":33}},"loc":{"start":{"line":30,"column":38},"end":{"line":30,"column":59}},"line":30},"7":{"name":"loadConfig","decl":{"start":{"line":39,"column":16},"end":{"line":39,"column":41}},"loc":{"start":{"line":39,"column":41},"end":{"line":97,"column":null}},"line":39}},"branchMap":{"0":{"loc":{"start":{"line":9,"column":2},"end":{"line":9,"column":null}},"type":"if","locations":[{"start":{"line":9,"column":2},"end":{"line":9,"column":null}},{"start":{},"end":{}}],"line":9},"1":{"loc":{"start":{"line":10,"column":2},"end":{"line":10,"column":null}},"type":"if","locations":[{"start":{"line":10,"column":2},"end":{"line":10,"column":null}},{"start":{},"end":{}}],"line":10},"2":{"loc":{"start":{"line":13,"column":2},"end":{"line":13,"column":null}},"type":"if","locations":[{"start":{"line":13,"column":2},"end":{"line":13,"column":null}},{"start":{},"end":{}}],"line":13},"3":{"loc":{"start":{"line":13,"column":6},"end":{"line":13,"column":64}},"type":"binary-expr","locations":[{"start":{"line":13,"column":6},"end":{"line":13,"column":28}},{"start":{"line":13,"column":28},"end":{"line":13,"column":64}}],"line":13},"4":{"loc":{"start":{"line":29,"column":2},"end":{"line":29,"column":null}},"type":"if","locations":[{"start":{"line":29,"column":2},"end":{"line":29,"column":null}},{"start":{},"end":{}}],"line":29},"5":{"loc":{"start":{"line":29,"column":6},"end":{"line":29,"column":34}},"type":"binary-expr","locations":[{"start":{"line":29,"column":6},"end":{"line":29,"column":19}},{"start":{"line":29,"column":19},"end":{"line":29,"column":34}}],"line":29},"6":{"loc":{"start":{"line":31,"column":2},"end":{"line":34,"column":null}},"type":"if","locations":[{"start":{"line":31,"column":2},"end":{"line":34,"column":null}},{"start":{},"end":{}}],"line":31},"7":{"loc":{"start":{"line":45,"column":2},"end":{"line":50,"column":null}},"type":"if","locations":[{"start":{"line":45,"column":2},"end":{"line":50,"column":null}},{"start":{"line":47,"column":13},"end":{"line":50,"column":null}}],"line":45},"8":{"loc":{"start":{"line":47,"column":13},"end":{"line":50,"column":null}},"type":"if","locations":[{"start":{"line":47,"column":13},"end":{"line":50,"column":null}},{"start":{"line":49,"column":9},"end":{"line":50,"column":null}}],"line":47},"9":{"loc":{"start":{"line":58,"column":2},"end":{"line":61,"column":null}},"type":"if","locations":[{"start":{"line":58,"column":2},"end":{"line":61,"column":null}},{"start":{"line":60,"column":13},"end":{"line":61,"column":null}}],"line":58},"10":{"loc":{"start":{"line":60,"column":13},"end":{"line":61,"column":null}},"type":"if","locations":[{"start":{"line":60,"column":13},"end":{"line":61,"column":null}},{"start":{},"end":{}}],"line":60},"11":{"loc":{"start":{"line":65,"column":29},"end":{"line":65,"column":60}},"type":"binary-expr","locations":[{"start":{"line":65,"column":29},"end":{"line":65,"column":57}},{"start":{"line":65,"column":57},"end":{"line":65,"column":60}}],"line":65},"12":{"loc":{"start":{"line":68,"column":19},"end":{"line":68,"column":null}},"type":"binary-expr","locations":[{"start":{"line":68,"column":19},"end":{"line":68,"column":44}},{"start":{"line":68,"column":44},"end":{"line":68,"column":null}}],"line":68},"13":{"loc":{"start":{"line":73,"column":21},"end":{"line":73,"column":null}},"type":"cond-expr","locations":[{"start":{"line":73,"column":56},"end":{"line":73,"column":65}},{"start":{"line":73,"column":65},"end":{"line":73,"column":null}}],"line":73},"14":{"loc":{"start":{"line":74,"column":24},"end":{"line":74,"column":52}},"type":"binary-expr","locations":[{"start":{"line":74,"column":24},"end":{"line":74,"column":44}},{"start":{"line":74,"column":44},"end":{"line":74,"column":52}}],"line":74},"15":{"loc":{"start":{"line":75,"column":22},"end":{"line":75,"column":null}},"type":"binary-expr","locations":[{"start":{"line":75,"column":22},"end":{"line":75,"column":50}},{"start":{"line":75,"column":50},"end":{"line":75,"column":null}}],"line":75}},"s":{"0":1,"1":1,"2":16,"3":10,"4":6,"5":2,"6":4,"7":4,"8":24,"9":2,"10":2,"11":2,"12":11,"13":13,"14":11,"15":9,"16":2,"17":2,"18":2,"19":1,"20":13,"21":13,"22":13,"23":1,"24":12,"25":11,"26":1,"27":12,"28":12,"29":12,"30":1,"31":10,"32":1,"33":11,"34":13,"35":13,"36":13,"37":13,"38":13,"39":13,"40":13,"41":13,"42":13,"43":13,"44":13,"45":13},"f":{"0":16,"1":24,"2":2,"3":11,"4":13,"5":11,"6":2,"7":13},"b":{"0":[10,6],"1":[2,4],"2":[2,2],"3":[4,2],"4":[9,2],"5":[11,3],"6":[1,1],"7":[1,12],"8":[11,1],"9":[1,10],"10":[1,9],"11":[11,0],"12":[13,8],"13":[0,10],"14":[13,10],"15":[13,10]},"meta":{"lastBranch":16,"lastFunction":8,"lastStatement":46,"seen":{"s:4:16:4:Infinity":0,"s:5:15:5:Infinity":1,"f:8:16:8:32":0,"b:9:2:9:Infinity:undefined:undefined:undefined:undefined":0,"s:9:2:9:Infinity":2,"s:9:25:9:Infinity":3,"b:10:2:10:Infinity:undefined:undefined:undefined:undefined":1,"s:10:2:10:Infinity":4,"s:10:24:10:Infinity":5,"s:12:16:12:32":6,"b:13:2:13:Infinity:undefined:undefined:undefined:undefined":2,"s:13:2:13:Infinity":7,"b:13:6:13:28:13:28:13:64":3,"f:13:34:13:40":1,"s:13:45:13:63":8,"s:13:66:13:Infinity":9,"s:14:2:14:Infinity":10,"f:18:9:18:24":2,"s:19:2:19:Infinity":11,"f:23:9:23:21":3,"s:24:2:24:Infinity":12,"f:24:24:24:28":4,"s:24:33:24:41":13,"f:28:9:28:27":5,"b:29:2:29:Infinity:undefined:undefined:undefined:undefined":4,"s:29:2:29:Infinity":14,"b:29:6:29:19:29:19:29:34":5,"s:29:34:29:Infinity":15,"s:30:19:30:60":16,"f:30:26:30:33":6,"s:30:38:30:59":17,"b:31:2:34:Infinity:undefined:undefined:undefined:undefined":6,"s:31:2:34:Infinity":18,"s:32:4:34:Infinity":19,"f:39:16:39:41":7,"s:41:22:41:Infinity":20,"s:42:20:42:Infinity":21,"b:45:2:50:Infinity:47:13:50:Infinity":7,"s:45:2:50:Infinity":22,"s:46:4:46:Infinity":23,"b:47:13:50:Infinity:49:9:50:Infinity":8,"s:47:13:50:Infinity":24,"s:48:4:48:Infinity":25,"s:50:4:50:Infinity":26,"s:53:23:53:49":27,"s:56:22:56:Infinity":28,"b:58:2:61:Infinity:60:13:61:Infinity":9,"s:58:2:61:Infinity":29,"s:59:4:59:Infinity":30,"b:60:13:61:Infinity:undefined:undefined:undefined:undefined":10,"s:60:13:61:Infinity":31,"s:61:4:61:Infinity":32,"s:65:17:65:60":33,"b:65:29:65:57:65:57:65:60":11,"s:68:19:68:Infinity":34,"b:68:19:68:44:68:44:68:Infinity":12,"s:69:31:69:Infinity":35,"s:70:2:70:Infinity":36,"s:73:21:73:Infinity":37,"b:73:56:73:65:73:65:73:Infinity":13,"s:74:15:74:55":38,"b:74:24:74:44:74:44:74:52":14,"s:75:22:75:Infinity":39,"b:75:22:75:50:75:50:75:Infinity":15,"s:78:23:78:Infinity":40,"s:81:2:81:Infinity":41,"s:82:2:82:Infinity":42,"s:83:2:83:Infinity":43,"s:84:2:84:Infinity":44,"s:86:2:97:Infinity":45}}}
,"./src/context.ts": {"path":"./src/context.ts","statementMap":{"0":{"start":{"line":20,"column":8},"end":{"line":20,"column":47}},"1":{"start":{"line":21,"column":20},"end":{"line":21,"column":52}},"2":{"start":{"line":22,"column":2},"end":{"line":29,"column":null}},"3":{"start":{"line":38,"column":18},"end":{"line":38,"column":47}},"4":{"start":{"line":44,"column":4},"end":{"line":44,"column":null}},"5":{"start":{"line":48,"column":4},"end":{"line":59,"column":null}},"6":{"start":{"line":50,"column":6},"end":{"line":50,"column":null}},"7":{"start":{"line":51,"column":12},"end":{"line":51,"column":52}},"8":{"start":{"line":52,"column":6},"end":{"line":52,"column":null}},"9":{"start":{"line":53,"column":6},"end":{"line":53,"column":null}},"10":{"start":{"line":54,"column":6},"end":{"line":54,"column":null}},"11":{"start":{"line":55,"column":15},"end":{"line":59,"column":null}},"12":{"start":{"line":56,"column":6},"end":{"line":56,"column":null}},"13":{"start":{"line":59,"column":6},"end":{"line":59,"column":null}},"14":{"start":{"line":63,"column":4},"end":{"line":68,"column":null}},"15":{"start":{"line":69,"column":4},"end":{"line":69,"column":null}},"16":{"start":{"line":72,"column":4},"end":{"line":72,"column":null}},"17":{"start":{"line":77,"column":4},"end":{"line":77,"column":null}},"18":{"start":{"line":82,"column":4},"end":{"line":82,"column":null}},"19":{"start":{"line":88,"column":4},"end":{"line":91,"column":null}},"20":{"start":{"line":89,"column":6},"end":{"line":91,"column":null}},"21":{"start":{"line":90,"column":8},"end":{"line":90,"column":null}},"22":{"start":{"line":91,"column":8},"end":{"line":91,"column":null}},"23":{"start":{"line":95,"column":10},"end":{"line":95,"column":54}},"24":{"start":{"line":96,"column":30},"end":{"line":101,"column":null}},"25":{"start":{"line":102,"column":4},"end":{"line":102,"column":null}},"26":{"start":{"line":103,"column":4},"end":{"line":103,"column":null}},"27":{"start":{"line":109,"column":4},"end":{"line":112,"column":null}},"28":{"start":{"line":110,"column":6},"end":{"line":112,"column":null}},"29":{"start":{"line":111,"column":8},"end":{"line":111,"column":null}},"30":{"start":{"line":112,"column":8},"end":{"line":112,"column":null}},"31":{"start":{"line":116,"column":10},"end":{"line":116,"column":57}},"32":{"start":{"line":117,"column":30},"end":{"line":123,"column":null}},"33":{"start":{"line":124,"column":4},"end":{"line":124,"column":null}},"34":{"start":{"line":125,"column":4},"end":{"line":130,"column":null}},"35":{"start":{"line":135,"column":4},"end":{"line":138,"column":null}},"36":{"start":{"line":136,"column":6},"end":{"line":136,"column":null}},"37":{"start":{"line":137,"column":6},"end":{"line":137,"column":null}},"38":{"start":{"line":138,"column":6},"end":{"line":138,"column":null}},"39":{"start":{"line":142,"column":4},"end":{"line":148,"column":null}},"40":{"start":{"line":143,"column":29},"end":{"line":143,"column":null}},"41":{"start":{"line":144,"column":29},"end":{"line":144,"column":null}},"42":{"start":{"line":145,"column":6},"end":{"line":148,"column":null}},"43":{"start":{"line":146,"column":8},"end":{"line":146,"column":null}},"44":{"start":{"line":147,"column":8},"end":{"line":147,"column":null}},"45":{"start":{"line":148,"column":8},"end":{"line":148,"column":null}},"46":{"start":{"line":153,"column":10},"end":{"line":153,"column":65}},"47":{"start":{"line":154,"column":30},"end":{"line":159,"column":null}},"48":{"start":{"line":160,"column":4},"end":{"line":160,"column":null}},"49":{"start":{"line":161,"column":4},"end":{"line":161,"column":null}},"50":{"start":{"line":166,"column":4},"end":{"line":167,"column":null}},"51":{"start":{"line":167,"column":6},"end":{"line":167,"column":null}},"52":{"start":{"line":173,"column":37},"end":{"line":174,"column":null}},"53":{"start":{"line":176,"column":4},"end":{"line":182,"column":null}},"54":{"start":{"line":177,"column":6},"end":{"line":182,"column":null}},"55":{"start":{"line":184,"column":4},"end":{"line":184,"column":null}},"56":{"start":{"line":190,"column":4},"end":{"line":191,"column":null}},"57":{"start":{"line":191,"column":6},"end":{"line":191,"column":null}},"58":{"start":{"line":193,"column":18},"end":{"line":193,"column":null}},"59":{"start":{"line":194,"column":4},"end":{"line":195,"column":null}},"60":{"start":{"line":195,"column":6},"end":{"line":195,"column":null}},"61":{"start":{"line":197,"column":4},"end":{"line":197,"column":null}},"62":{"start":{"line":202,"column":4},"end":{"line":202,"column":null}},"63":{"start":{"line":207,"column":4},"end":{"line":207,"column":null}},"64":{"start":{"line":212,"column":4},"end":{"line":212,"column":null}},"65":{"start":{"line":212,"column":49},"end":{"line":212,"column":null}},"66":{"start":{"line":213,"column":18},"end":{"line":213,"column":38}},"67":{"start":{"line":214,"column":4},"end":{"line":214,"column":null}},"68":{"start":{"line":219,"column":4},"end":{"line":219,"column":null}},"69":{"start":{"line":220,"column":4},"end":{"line":221,"column":null}},"70":{"start":{"line":221,"column":6},"end":{"line":221,"column":null}},"71":{"start":{"line":223,"column":4},"end":{"line":223,"column":null}},"72":{"start":{"line":224,"column":4},"end":{"line":224,"column":null}},"73":{"start":{"line":229,"column":4},"end":{"line":231,"column":null}},"74":{"start":{"line":230,"column":6},"end":{"line":230,"column":null}},"75":{"start":{"line":231,"column":6},"end":{"line":231,"column":null}},"76":{"start":{"line":234,"column":4},"end":{"line":248,"column":null}},"77":{"start":{"line":236,"column":23},"end":{"line":236,"column":null}},"78":{"start":{"line":237,"column":6},"end":{"line":242,"column":null}},"79":{"start":{"line":239,"column":8},"end":{"line":239,"column":null}},"80":{"start":{"line":239,"column":50},"end":{"line":239,"column":null}},"81":{"start":{"line":240,"column":8},"end":{"line":242,"column":null}},"82":{"start":{"line":241,"column":10},"end":{"line":241,"column":null}},"83":{"start":{"line":242,"column":10},"end":{"line":242,"column":null}},"84":{"start":{"line":245,"column":6},"end":{"line":248,"column":null}},"85":{"start":{"line":246,"column":24},"end":{"line":246,"column":50}},"86":{"start":{"line":247,"column":8},"end":{"line":247,"column":null}},"87":{"start":{"line":248,"column":8},"end":{"line":248,"column":null}},"88":{"start":{"line":252,"column":4},"end":{"line":252,"column":null}}},"fnMap":{"0":{"name":"rawIdentity","decl":{"start":{"line":19,"column":9},"end":{"line":19,"column":21}},"loc":{"start":{"line":19,"column":55},"end":{"line":29,"column":null}},"line":19},"1":{"name":"(anonymous_1)","decl":{"start":{"line":43,"column":2},"end":{"line":43,"column":14}},"loc":{"start":{"line":43,"column":93},"end":{"line":72,"column":null}},"line":43},"2":{"name":"(anonymous_2)","decl":{"start":{"line":76,"column":6},"end":{"line":76,"column":27}},"loc":{"start":{"line":76,"column":27},"end":{"line":77,"column":null}},"line":76},"3":{"name":"(anonymous_3)","decl":{"start":{"line":81,"column":6},"end":{"line":81,"column":35}},"loc":{"start":{"line":81,"column":35},"end":{"line":82,"column":null}},"line":81},"4":{"name":"(anonymous_4)","decl":{"start":{"line":86,"column":2},"end":{"line":86,"column":9}},"loc":{"start":{"line":86,"column":57},"end":{"line":103,"column":null}},"line":86},"5":{"name":"(anonymous_5)","decl":{"start":{"line":107,"column":2},"end":{"line":107,"column":16}},"loc":{"start":{"line":107,"column":61},"end":{"line":130,"column":null}},"line":107},"6":{"name":"(anonymous_6)","decl":{"start":{"line":134,"column":2},"end":{"line":134,"column":9}},"loc":{"start":{"line":134,"column":54},"end":{"line":161,"column":null}},"line":134},"7":{"name":"(anonymous_7)","decl":{"start":{"line":165,"column":2},"end":{"line":165,"column":31}},"loc":{"start":{"line":165,"column":31},"end":{"line":167,"column":null}},"line":165},"8":{"name":"(anonymous_8)","decl":{"start":{"line":166,"column":11},"end":{"line":166,"column":18}},"loc":{"start":{"line":166,"column":67},"end":{"line":167,"column":null}},"line":166},"9":{"name":"(anonymous_9)","decl":{"start":{"line":172,"column":2},"end":{"line":172,"column":37}},"loc":{"start":{"line":172,"column":37},"end":{"line":184,"column":null}},"line":172},"10":{"name":"(anonymous_10)","decl":{"start":{"line":189,"column":2},"end":{"line":189,"column":8}},"loc":{"start":{"line":189,"column":56},"end":{"line":197,"column":null}},"line":189},"11":{"name":"(anonymous_11)","decl":{"start":{"line":201,"column":6},"end":{"line":201,"column":31}},"loc":{"start":{"line":201,"column":31},"end":{"line":202,"column":null}},"line":201},"12":{"name":"(anonymous_12)","decl":{"start":{"line":206,"column":6},"end":{"line":206,"column":37}},"loc":{"start":{"line":206,"column":37},"end":{"line":207,"column":null}},"line":206},"13":{"name":"(anonymous_13)","decl":{"start":{"line":211,"column":2},"end":{"line":211,"column":30}},"loc":{"start":{"line":211,"column":68},"end":{"line":214,"column":null}},"line":211},"14":{"name":"(anonymous_14)","decl":{"start":{"line":218,"column":2},"end":{"line":218,"column":18}},"loc":{"start":{"line":218,"column":18},"end":{"line":224,"column":null}},"line":218},"15":{"name":"(anonymous_15)","decl":{"start":{"line":228,"column":2},"end":{"line":228,"column":10}},"loc":{"start":{"line":228,"column":58},"end":{"line":252,"column":null}},"line":228}},"branchMap":{"0":{"loc":{"start":{"line":44,"column":24},"end":{"line":44,"column":null}},"type":"binary-expr","locations":[{"start":{"line":44,"column":24},"end":{"line":44,"column":42}},{"start":{"line":44,"column":42},"end":{"line":44,"column":null}}],"line":44},"1":{"loc":{"start":{"line":48,"column":4},"end":{"line":59,"column":null}},"type":"if","locations":[{"start":{"line":48,"column":4},"end":{"line":59,"column":null}},{"start":{"line":55,"column":15},"end":{"line":59,"column":null}}],"line":48},"2":{"loc":{"start":{"line":55,"column":15},"end":{"line":59,"column":null}},"type":"if","locations":[{"start":{"line":55,"column":15},"end":{"line":59,"column":null}},{"start":{"line":57,"column":11},"end":{"line":59,"column":null}}],"line":55},"3":{"loc":{"start":{"line":89,"column":6},"end":{"line":91,"column":null}},"type":"if","locations":[{"start":{"line":89,"column":6},"end":{"line":91,"column":null}},{"start":{},"end":{}}],"line":89},"4":{"loc":{"start":{"line":89,"column":10},"end":{"line":89,"column":84}},"type":"binary-expr","locations":[{"start":{"line":89,"column":10},"end":{"line":89,"column":39}},{"start":{"line":89,"column":39},"end":{"line":89,"column":64}},{"start":{"line":89,"column":64},"end":{"line":89,"column":84}}],"line":89},"5":{"loc":{"start":{"line":110,"column":6},"end":{"line":112,"column":null}},"type":"if","locations":[{"start":{"line":110,"column":6},"end":{"line":112,"column":null}},{"start":{},"end":{}}],"line":110},"6":{"loc":{"start":{"line":110,"column":10},"end":{"line":110,"column":63}},"type":"binary-expr","locations":[{"start":{"line":110,"column":10},"end":{"line":110,"column":40}},{"start":{"line":110,"column":40},"end":{"line":110,"column":63}}],"line":110},"7":{"loc":{"start":{"line":135,"column":4},"end":{"line":138,"column":null}},"type":"if","locations":[{"start":{"line":135,"column":4},"end":{"line":138,"column":null}},{"start":{},"end":{}}],"line":135},"8":{"loc":{"start":{"line":143,"column":29},"end":{"line":143,"column":null}},"type":"binary-expr","locations":[{"start":{"line":143,"column":29},"end":{"line":143,"column":65}},{"start":{"line":143,"column":65},"end":{"line":143,"column":88}},{"start":{"line":143,"column":88},"end":{"line":143,"column":null}}],"line":143},"9":{"loc":{"start":{"line":144,"column":29},"end":{"line":144,"column":null}},"type":"binary-expr","locations":[{"start":{"line":144,"column":29},"end":{"line":144,"column":69}},{"start":{"line":144,"column":69},"end":{"line":144,"column":92}},{"start":{"line":144,"column":92},"end":{"line":144,"column":null}}],"line":144},"10":{"loc":{"start":{"line":145,"column":6},"end":{"line":148,"column":null}},"type":"if","locations":[{"start":{"line":145,"column":6},"end":{"line":148,"column":null}},{"start":{},"end":{}}],"line":145},"11":{"loc":{"start":{"line":145,"column":10},"end":{"line":145,"column":44}},"type":"binary-expr","locations":[{"start":{"line":145,"column":10},"end":{"line":145,"column":28}},{"start":{"line":145,"column":28},"end":{"line":145,"column":44}}],"line":145},"12":{"loc":{"start":{"line":153,"column":54},"end":{"line":153,"column":65}},"type":"binary-expr","locations":[{"start":{"line":153,"column":54},"end":{"line":153,"column":63}},{"start":{"line":153,"column":63},"end":{"line":153,"column":65}}],"line":153},"13":{"loc":{"start":{"line":157,"column":13},"end":{"line":157,"column":null}},"type":"binary-expr","locations":[{"start":{"line":157,"column":13},"end":{"line":157,"column":22}},{"start":{"line":157,"column":22},"end":{"line":157,"column":null}}],"line":157},"14":{"loc":{"start":{"line":189,"column":8},"end":{"line":189,"column":56}},"type":"default-arg","locations":[{"start":{"line":189,"column":33},"end":{"line":189,"column":56}}],"line":189},"15":{"loc":{"start":{"line":190,"column":4},"end":{"line":191,"column":null}},"type":"if","locations":[{"start":{"line":190,"column":4},"end":{"line":191,"column":null}},{"start":{},"end":{}}],"line":190},"16":{"loc":{"start":{"line":194,"column":4},"end":{"line":195,"column":null}},"type":"if","locations":[{"start":{"line":194,"column":4},"end":{"line":195,"column":null}},{"start":{},"end":{}}],"line":194},"17":{"loc":{"start":{"line":212,"column":4},"end":{"line":212,"column":null}},"type":"if","locations":[{"start":{"line":212,"column":4},"end":{"line":212,"column":null}},{"start":{},"end":{}}],"line":212},"18":{"loc":{"start":{"line":229,"column":4},"end":{"line":231,"column":null}},"type":"if","locations":[{"start":{"line":229,"column":4},"end":{"line":231,"column":null}},{"start":{},"end":{}}],"line":229},"19":{"loc":{"start":{"line":234,"column":4},"end":{"line":248,"column":null}},"type":"if","locations":[{"start":{"line":234,"column":4},"end":{"line":248,"column":null}},{"start":{},"end":{}}],"line":234},"20":{"loc":{"start":{"line":239,"column":8},"end":{"line":239,"column":null}},"type":"if","locations":[{"start":{"line":239,"column":8},"end":{"line":239,"column":null}},{"start":{},"end":{}}],"line":239},"21":{"loc":{"start":{"line":240,"column":8},"end":{"line":242,"column":null}},"type":"if","locations":[{"start":{"line":240,"column":8},"end":{"line":242,"column":null}},{"start":{},"end":{}}],"line":240},"22":{"loc":{"start":{"line":245,"column":6},"end":{"line":248,"column":null}},"type":"if","locations":[{"start":{"line":245,"column":6},"end":{"line":248,"column":null}},{"start":{},"end":{}}],"line":245}},"s":{"0":180,"1":180,"2":180,"3":181,"4":181,"5":181,"6":1,"7":1,"8":1,"9":1,"10":1,"11":180,"12":1,"13":179,"14":180,"15":180,"16":180,"17":200,"18":16,"19":47,"20":17,"21":3,"22":3,"23":44,"24":44,"25":44,"26":44,"27":19,"28":5,"29":1,"30":1,"31":18,"32":18,"33":18,"34":18,"35":37,"36":5,"37":5,"38":5,"39":32,"40":31,"41":31,"42":31,"43":31,"44":31,"45":31,"46":1,"47":37,"48":37,"49":37,"50":58,"51":61,"52":11,"53":11,"54":14,"55":11,"56":10,"57":1,"58":9,"59":9,"60":4,"61":5,"62":0,"63":21,"64":4,"65":1,"66":3,"67":3,"68":17,"69":17,"70":17,"71":17,"72":17,"73":63,"74":0,"75":0,"76":63,"77":2,"78":2,"79":5,"80":0,"81":5,"82":2,"83":2,"84":2,"85":2,"86":2,"87":2,"88":63},"f":{"0":180,"1":181,"2":200,"3":16,"4":47,"5":19,"6":37,"7":58,"8":61,"9":11,"10":10,"11":0,"12":21,"13":4,"14":17,"15":63},"b":{"0":[181,179],"1":[1,180],"2":[1,179],"3":[3,14],"4":[17,3,3],"5":[1,4],"6":[5,1],"7":[5,32],"8":[31,26,26],"9":[31,5,0],"10":[31,0],"11":[31,5],"12":[1,0],"13":[37,0],"14":[10],"15":[1,9],"16":[4,5],"17":[1,3],"18":[0,63],"19":[2,61],"20":[0,5],"21":[2,3],"22":[2,0]},"meta":{"lastBranch":23,"lastFunction":16,"lastStatement":89,"seen":{"f:19:9:19:21":0,"s:20:8:20:47":0,"s:21:20:21:52":1,"s:22:2:29:Infinity":2,"s:38:18:38:47":3,"f:43:2:43:14":1,"s:44:4:44:Infinity":4,"b:44:24:44:42:44:42:44:Infinity":0,"b:48:4:59:Infinity:55:15:59:Infinity":1,"s:48:4:59:Infinity":5,"s:50:6:50:Infinity":6,"s:51:12:51:52":7,"s:52:6:52:Infinity":8,"s:53:6:53:Infinity":9,"s:54:6:54:Infinity":10,"b:55:15:59:Infinity:57:11:59:Infinity":2,"s:55:15:59:Infinity":11,"s:56:6:56:Infinity":12,"s:59:6:59:Infinity":13,"s:63:4:68:Infinity":14,"s:69:4:69:Infinity":15,"s:72:4:72:Infinity":16,"f:76:6:76:27":2,"s:77:4:77:Infinity":17,"f:81:6:81:35":3,"s:82:4:82:Infinity":18,"f:86:2:86:9":4,"s:88:4:91:Infinity":19,"b:89:6:91:Infinity:undefined:undefined:undefined:undefined":3,"s:89:6:91:Infinity":20,"b:89:10:89:39:89:39:89:64:89:64:89:84":4,"s:90:8:90:Infinity":21,"s:91:8:91:Infinity":22,"s:95:10:95:54":23,"s:96:30:101:Infinity":24,"s:102:4:102:Infinity":25,"s:103:4:103:Infinity":26,"f:107:2:107:16":5,"s:109:4:112:Infinity":27,"b:110:6:112:Infinity:undefined:undefined:undefined:undefined":5,"s:110:6:112:Infinity":28,"b:110:10:110:40:110:40:110:63":6,"s:111:8:111:Infinity":29,"s:112:8:112:Infinity":30,"s:116:10:116:57":31,"s:117:30:123:Infinity":32,"s:124:4:124:Infinity":33,"s:125:4:130:Infinity":34,"f:134:2:134:9":6,"b:135:4:138:Infinity:undefined:undefined:undefined:undefined":7,"s:135:4:138:Infinity":35,"s:136:6:136:Infinity":36,"s:137:6:137:Infinity":37,"s:138:6:138:Infinity":38,"s:142:4:148:Infinity":39,"s:143:29:143:Infinity":40,"b:143:29:143:65:143:65:143:88:143:88:143:Infinity":8,"s:144:29:144:Infinity":41,"b:144:29:144:69:144:69:144:92:144:92:144:Infinity":9,"b:145:6:148:Infinity:undefined:undefined:undefined:undefined":10,"s:145:6:148:Infinity":42,"b:145:10:145:28:145:28:145:44":11,"s:146:8:146:Infinity":43,"s:147:8:147:Infinity":44,"s:148:8:148:Infinity":45,"s:153:10:153:65":46,"b:153:54:153:63:153:63:153:65":12,"s:154:30:159:Infinity":47,"b:157:13:157:22:157:22:157:Infinity":13,"s:160:4:160:Infinity":48,"s:161:4:161:Infinity":49,"f:165:2:165:31":7,"s:166:4:167:Infinity":50,"f:166:11:166:18":8,"s:167:6:167:Infinity":51,"f:172:2:172:37":9,"s:173:37:174:Infinity":52,"s:176:4:182:Infinity":53,"s:177:6:182:Infinity":54,"s:184:4:184:Infinity":55,"f:189:2:189:8":10,"b:189:33:189:56":14,"b:190:4:191:Infinity:undefined:undefined:undefined:undefined":15,"s:190:4:191:Infinity":56,"s:191:6:191:Infinity":57,"s:193:18:193:Infinity":58,"b:194:4:195:Infinity:undefined:undefined:undefined:undefined":16,"s:194:4:195:Infinity":59,"s:195:6:195:Infinity":60,"s:197:4:197:Infinity":61,"f:201:6:201:31":11,"s:202:4:202:Infinity":62,"f:206:6:206:37":12,"s:207:4:207:Infinity":63,"f:211:2:211:30":13,"b:212:4:212:Infinity:undefined:undefined:undefined:undefined":17,"s:212:4:212:Infinity":64,"s:212:49:212:Infinity":65,"s:213:18:213:38":66,"s:214:4:214:Infinity":67,"f:218:2:218:18":14,"s:219:4:219:Infinity":68,"s:220:4:221:Infinity":69,"s:221:6:221:Infinity":70,"s:223:4:223:Infinity":71,"s:224:4:224:Infinity":72,"f:228:2:228:10":15,"b:229:4:231:Infinity:undefined:undefined:undefined:undefined":18,"s:229:4:231:Infinity":73,"s:230:6:230:Infinity":74,"s:231:6:231:Infinity":75,"b:234:4:248:Infinity:undefined:undefined:undefined:undefined":19,"s:234:4:248:Infinity":76,"s:236:23:236:Infinity":77,"s:237:6:242:Infinity":78,"b:239:8:239:Infinity:undefined:undefined:undefined:undefined":20,"s:239:8:239:Infinity":79,"s:239:50:239:Infinity":80,"b:240:8:242:Infinity:undefined:undefined:undefined:undefined":21,"s:240:8:242:Infinity":81,"s:241:10:241:Infinity":82,"s:242:10:242:Infinity":83,"b:245:6:248:Infinity:undefined:undefined:undefined:undefined":22,"s:245:6:248:Infinity":84,"s:246:24:246:50":85,"s:247:8:247:Infinity":86,"s:248:8:248:Infinity":87,"s:252:4:252:Infinity":88}}}
,"./src/nip65.ts": {"path":"./src/nip65.ts","statementMap":{"0":{"start":{"line":9,"column":2},"end":{"line":9,"column":null}},"1":{"start":{"line":14,"column":25},"end":{"line":14,"column":27}},"2":{"start":{"line":15,"column":26},"end":{"line":15,"column":28}},"3":{"start":{"line":17,"column":2},"end":{"line":29,"column":null}},"4":{"start":{"line":18,"column":4},"end":{"line":18,"column":null}},"5":{"start":{"line":18,"column":35},"end":{"line":18,"column":null}},"6":{"start":{"line":19,"column":16},"end":{"line":19,"column":null}},"7":{"start":{"line":20,"column":4},"end":{"line":20,"column":null}},"8":{"start":{"line":20,"column":31},"end":{"line":20,"column":null}},"9":{"start":{"line":21,"column":19},"end":{"line":21,"column":null}},"10":{"start":{"line":23,"column":4},"end":{"line":29,"column":null}},"11":{"start":{"line":24,"column":6},"end":{"line":24,"column":null}},"12":{"start":{"line":25,"column":15},"end":{"line":29,"column":null}},"13":{"start":{"line":26,"column":6},"end":{"line":26,"column":null}},"14":{"start":{"line":28,"column":6},"end":{"line":28,"column":null}},"15":{"start":{"line":29,"column":6},"end":{"line":29,"column":null}},"16":{"start":{"line":33,"column":2},"end":{"line":33,"column":null}},"17":{"start":{"line":39,"column":18},"end":{"line":39,"column":76}},"18":{"start":{"line":40,"column":25},"end":{"line":40,"column":null}},"19":{"start":{"line":43,"column":4},"end":{"line":43,"column":null}},"20":{"start":{"line":44,"column":4},"end":{"line":44,"column":null}},"21":{"start":{"line":50,"column":19},"end":{"line":50,"column":39}},"22":{"start":{"line":51,"column":4},"end":{"line":51,"column":null}},"23":{"start":{"line":51,"column":60},"end":{"line":51,"column":null}},"24":{"start":{"line":53,"column":16},"end":{"line":53,"column":null}},"25":{"start":{"line":55,"column":19},"end":{"line":58,"column":6}},"26":{"start":{"line":61,"column":21},"end":{"line":62,"column":null}},"27":{"start":{"line":62,"column":6},"end":{"line":62,"column":40}},"28":{"start":{"line":65,"column":4},"end":{"line":71,"column":null}},"29":{"start":{"line":66,"column":33},"end":{"line":69,"column":null}},"30":{"start":{"line":70,"column":6},"end":{"line":70,"column":null}},"31":{"start":{"line":71,"column":6},"end":{"line":71,"column":null}},"32":{"start":{"line":75,"column":17},"end":{"line":76,"column":null}},"33":{"start":{"line":76,"column":6},"end":{"line":76,"column":null}},"34":{"start":{"line":79,"column":21},"end":{"line":79,"column":46}},"35":{"start":{"line":80,"column":4},"end":{"line":80,"column":null}},"36":{"start":{"line":81,"column":4},"end":{"line":81,"column":null}},"37":{"start":{"line":86,"column":4},"end":{"line":86,"column":null}}},"fnMap":{"0":{"name":"isValidRelayUrl","decl":{"start":{"line":8,"column":9},"end":{"line":8,"column":25}},"loc":{"start":{"line":8,"column":47},"end":{"line":9,"column":null}},"line":8},"1":{"name":"parseRelayTags","decl":{"start":{"line":13,"column":16},"end":{"line":13,"column":31}},"loc":{"start":{"line":13,"column":59},"end":{"line":33,"column":null}},"line":13},"2":{"name":"(anonymous_2)","decl":{"start":{"line":42,"column":2},"end":{"line":42,"column":14}},"loc":{"start":{"line":42,"column":56},"end":{"line":44,"column":null}},"line":42},"3":{"name":"(anonymous_3)","decl":{"start":{"line":48,"column":8},"end":{"line":48,"column":24}},"loc":{"start":{"line":48,"column":77},"end":{"line":81,"column":null}},"line":48},"4":{"name":"(anonymous_4)","decl":{"start":{"line":61,"column":28},"end":{"line":61,"column":35}},"loc":{"start":{"line":62,"column":6},"end":{"line":62,"column":40}},"line":62},"5":{"name":"(anonymous_5)","decl":{"start":{"line":75,"column":26},"end":{"line":75,"column":34}},"loc":{"start":{"line":76,"column":6},"end":{"line":76,"column":null}},"line":76},"6":{"name":"(anonymous_6)","decl":{"start":{"line":85,"column":2},"end":{"line":85,"column":12}},"loc":{"start":{"line":85,"column":48},"end":{"line":86,"column":null}},"line":85}},"branchMap":{"0":{"loc":{"start":{"line":18,"column":4},"end":{"line":18,"column":null}},"type":"if","locations":[{"start":{"line":18,"column":4},"end":{"line":18,"column":null}},{"start":{},"end":{}}],"line":18},"1":{"loc":{"start":{"line":18,"column":8},"end":{"line":18,"column":35}},"type":"binary-expr","locations":[{"start":{"line":18,"column":8},"end":{"line":18,"column":26}},{"start":{"line":18,"column":26},"end":{"line":18,"column":35}}],"line":18},"2":{"loc":{"start":{"line":20,"column":4},"end":{"line":20,"column":null}},"type":"if","locations":[{"start":{"line":20,"column":4},"end":{"line":20,"column":null}},{"start":{},"end":{}}],"line":20},"3":{"loc":{"start":{"line":23,"column":4},"end":{"line":29,"column":null}},"type":"if","locations":[{"start":{"line":23,"column":4},"end":{"line":29,"column":null}},{"start":{"line":25,"column":15},"end":{"line":29,"column":null}}],"line":23},"4":{"loc":{"start":{"line":25,"column":15},"end":{"line":29,"column":null}},"type":"if","locations":[{"start":{"line":25,"column":15},"end":{"line":29,"column":null}},{"start":{"line":27,"column":11},"end":{"line":29,"column":null}}],"line":25},"5":{"loc":{"start":{"line":51,"column":4},"end":{"line":51,"column":null}},"type":"if","locations":[{"start":{"line":51,"column":4},"end":{"line":51,"column":null}},{"start":{},"end":{}}],"line":51},"6":{"loc":{"start":{"line":51,"column":8},"end":{"line":51,"column":60}},"type":"binary-expr","locations":[{"start":{"line":51,"column":8},"end":{"line":51,"column":18}},{"start":{"line":51,"column":18},"end":{"line":51,"column":60}}],"line":51},"7":{"loc":{"start":{"line":53,"column":16},"end":{"line":53,"column":null}},"type":"binary-expr","locations":[{"start":{"line":53,"column":16},"end":{"line":53,"column":29}},{"start":{"line":53,"column":16},"end":{"line":53,"column":null}}],"line":53},"8":{"loc":{"start":{"line":62,"column":6},"end":{"line":62,"column":40}},"type":"binary-expr","locations":[{"start":{"line":62,"column":6},"end":{"line":62,"column":26}},{"start":{"line":62,"column":19},"end":{"line":62,"column":40}}],"line":62},"9":{"loc":{"start":{"line":65,"column":4},"end":{"line":71,"column":null}},"type":"if","locations":[{"start":{"line":65,"column":4},"end":{"line":71,"column":null}},{"start":{},"end":{}}],"line":65},"10":{"loc":{"start":{"line":76,"column":6},"end":{"line":76,"column":null}},"type":"cond-expr","locations":[{"start":{"line":76,"column":36},"end":{"line":76,"column":40}},{"start":{"line":76,"column":40},"end":{"line":76,"column":null}}],"line":76}},"s":{"0":6,"1":4,"2":4,"3":4,"4":6,"5":0,"6":6,"7":6,"8":0,"9":6,"10":6,"11":1,"12":5,"13":1,"14":4,"15":4,"16":4,"17":4,"18":4,"19":4,"20":4,"21":5,"22":5,"23":1,"24":4,"25":5,"26":4,"27":5,"28":4,"29":1,"30":1,"31":1,"32":3,"33":2,"34":3,"35":3,"36":3,"37":1},"f":{"0":6,"1":4,"2":4,"3":5,"4":5,"5":2,"6":1},"b":{"0":[0,6],"1":[6,6],"2":[0,6],"3":[1,5],"4":[1,4],"5":[1,4],"6":[5,1],"7":[4,0],"8":[5,5],"9":[1,3],"10":[1,1]},"meta":{"lastBranch":11,"lastFunction":7,"lastStatement":38,"seen":{"f:8:9:8:25":0,"s:9:2:9:Infinity":0,"f:13:16:13:31":1,"s:14:25:14:27":1,"s:15:26:15:28":2,"s:17:2:29:Infinity":3,"b:18:4:18:Infinity:undefined:undefined:undefined:undefined":0,"s:18:4:18:Infinity":4,"b:18:8:18:26:18:26:18:35":1,"s:18:35:18:Infinity":5,"s:19:16:19:Infinity":6,"b:20:4:20:Infinity:undefined:undefined:undefined:undefined":2,"s:20:4:20:Infinity":7,"s:20:31:20:Infinity":8,"s:21:19:21:Infinity":9,"b:23:4:29:Infinity:25:15:29:Infinity":3,"s:23:4:29:Infinity":10,"s:24:6:24:Infinity":11,"b:25:15:29:Infinity:27:11:29:Infinity":4,"s:25:15:29:Infinity":12,"s:26:6:26:Infinity":13,"s:28:6:28:Infinity":14,"s:29:6:29:Infinity":15,"s:33:2:33:Infinity":16,"s:39:18:39:76":17,"s:40:25:40:Infinity":18,"f:42:2:42:14":2,"s:43:4:43:Infinity":19,"s:44:4:44:Infinity":20,"f:48:8:48:24":3,"s:50:19:50:39":21,"b:51:4:51:Infinity:undefined:undefined:undefined:undefined":5,"s:51:4:51:Infinity":22,"b:51:8:51:18:51:18:51:60":6,"s:51:60:51:Infinity":23,"s:53:16:53:Infinity":24,"b:53:16:53:29:53:16:53:Infinity":7,"s:55:19:58:6":25,"s:61:21:62:Infinity":26,"f:61:28:61:35":4,"s:62:6:62:40":27,"b:62:6:62:26:62:19:62:40":8,"b:65:4:71:Infinity:undefined:undefined:undefined:undefined":9,"s:65:4:71:Infinity":28,"s:66:33:69:Infinity":29,"s:70:6:70:Infinity":30,"s:71:6:71:Infinity":31,"s:75:17:76:Infinity":32,"f:75:26:75:34":5,"s:76:6:76:Infinity":33,"b:76:36:76:40:76:40:76:Infinity":10,"s:79:21:79:46":34,"s:80:4:80:Infinity":35,"s:81:4:81:Infinity":36,"f:85:2:85:12":6,"s:86:4:86:Infinity":37}}}
,"./src/relay-pool.ts": {"path":"./src/relay-pool.ts","statementMap":{"0":{"start":{"line":19,"column":53},"end":{"line":19,"column":null}},"1":{"start":{"line":20,"column":8},"end":{"line":20,"column":null}},"2":{"start":{"line":22,"column":2},"end":{"line":34,"column":null}},"3":{"start":{"line":25,"column":32},"end":{"line":25,"column":null}},"4":{"start":{"line":26,"column":18},"end":{"line":26,"column":47}},"5":{"start":{"line":27,"column":29},"end":{"line":29,"column":null}},"6":{"start":{"line":29,"column":8},"end":{"line":29,"column":null}},"7":{"start":{"line":32,"column":4},"end":{"line":32,"column":null}},"8":{"start":{"line":34,"column":4},"end":{"line":34,"column":null}},"9":{"start":{"line":37,"column":2},"end":{"line":37,"column":null}},"10":{"start":{"line":43,"column":22},"end":{"line":43,"column":49}},"11":{"start":{"line":44,"column":23},"end":{"line":44,"column":54}},"12":{"start":{"line":50,"column":4},"end":{"line":50,"column":null}},"13":{"start":{"line":51,"column":4},"end":{"line":51,"column":null}},"14":{"start":{"line":54,"column":4},"end":{"line":59,"column":null}},"15":{"start":{"line":55,"column":23},"end":{"line":55,"column":73}},"16":{"start":{"line":55,"column":56},"end":{"line":55,"column":72}},"17":{"start":{"line":56,"column":6},"end":{"line":59,"column":null}},"18":{"start":{"line":57,"column":8},"end":{"line":59,"column":null}},"19":{"start":{"line":63,"column":4},"end":{"line":66,"column":null}},"20":{"start":{"line":68,"column":4},"end":{"line":72,"column":null}},"21":{"start":{"line":69,"column":6},"end":{"line":69,"column":null}},"22":{"start":{"line":70,"column":6},"end":{"line":70,"column":null}},"23":{"start":{"line":72,"column":6},"end":{"line":72,"column":null}},"24":{"start":{"line":72,"column":67},"end":{"line":72,"column":82}},"25":{"start":{"line":72,"column":82},"end":{"line":72,"column":93}},"26":{"start":{"line":79,"column":4},"end":{"line":83,"column":null}},"27":{"start":{"line":80,"column":22},"end":{"line":80,"column":55}},"28":{"start":{"line":81,"column":23},"end":{"line":81,"column":60}},"29":{"start":{"line":81,"column":43},"end":{"line":81,"column":59}},"30":{"start":{"line":82,"column":6},"end":{"line":83,"column":null}},"31":{"start":{"line":83,"column":8},"end":{"line":83,"column":null}},"32":{"start":{"line":86,"column":4},"end":{"line":86,"column":null}},"33":{"start":{"line":87,"column":4},"end":{"line":87,"column":null}},"34":{"start":{"line":92,"column":4},"end":{"line":92,"column":null}},"35":{"start":{"line":97,"column":17},"end":{"line":97,"column":null}},"36":{"start":{"line":98,"column":19},"end":{"line":98,"column":39}},"37":{"start":{"line":99,"column":24},"end":{"line":99,"column":null}},"38":{"start":{"line":100,"column":4},"end":{"line":101,"column":null}},"39":{"start":{"line":101,"column":6},"end":{"line":101,"column":null}},"40":{"start":{"line":104,"column":21},"end":{"line":104,"column":53}},"41":{"start":{"line":105,"column":31},"end":{"line":105,"column":33}},"42":{"start":{"line":106,"column":31},"end":{"line":106,"column":33}},"43":{"start":{"line":107,"column":29},"end":{"line":107,"column":31}},"44":{"start":{"line":109,"column":20},"end":{"line":109,"column":54}},"45":{"start":{"line":110,"column":4},"end":{"line":117,"column":null}},"46":{"start":{"line":110,"column":17},"end":{"line":110,"column":20}},"47":{"start":{"line":111,"column":21},"end":{"line":111,"column":null}},"48":{"start":{"line":112,"column":18},"end":{"line":112,"column":null}},"49":{"start":{"line":113,"column":6},"end":{"line":117,"column":null}},"50":{"start":{"line":114,"column":8},"end":{"line":114,"column":null}},"51":{"start":{"line":116,"column":8},"end":{"line":116,"column":null}},"52":{"start":{"line":117,"column":8},"end":{"line":117,"column":null}},"53":{"start":{"line":121,"column":4},"end":{"line":126,"column":null}},"54":{"start":{"line":131,"column":17},"end":{"line":131,"column":null}},"55":{"start":{"line":132,"column":19},"end":{"line":132,"column":39}},"56":{"start":{"line":133,"column":4},"end":{"line":133,"column":null}},"57":{"start":{"line":138,"column":18},"end":{"line":138,"column":49}},"58":{"start":{"line":139,"column":4},"end":{"line":140,"column":null}},"59":{"start":{"line":140,"column":6},"end":{"line":140,"column":null}},"60":{"start":{"line":142,"column":4},"end":{"line":142,"column":null}},"61":{"start":{"line":143,"column":4},"end":{"line":143,"column":null}},"62":{"start":{"line":148,"column":4},"end":{"line":148,"column":null}},"63":{"start":{"line":153,"column":18},"end":{"line":153,"column":43}},"64":{"start":{"line":154,"column":4},"end":{"line":154,"column":null}},"65":{"start":{"line":154,"column":38},"end":{"line":154,"column":null}},"66":{"start":{"line":156,"column":4},"end":{"line":156,"column":null}},"67":{"start":{"line":157,"column":4},"end":{"line":158,"column":null}},"68":{"start":{"line":158,"column":6},"end":{"line":158,"column":null}},"69":{"start":{"line":164,"column":20},"end":{"line":164,"column":41}},"70":{"start":{"line":165,"column":20},"end":{"line":165,"column":41}},"71":{"start":{"line":166,"column":17},"end":{"line":166,"column":61}},"72":{"start":{"line":167,"column":17},"end":{"line":167,"column":61}},"73":{"start":{"line":168,"column":4},"end":{"line":168,"column":null}},"74":{"start":{"line":168,"column":35},"end":{"line":168,"column":48}},"75":{"start":{"line":173,"column":4},"end":{"line":173,"column":null}},"76":{"start":{"line":177,"column":4},"end":{"line":181,"column":null}},"77":{"start":{"line":178,"column":21},"end":{"line":178,"column":33}},"78":{"start":{"line":179,"column":6},"end":{"line":179,"column":null}},"79":{"start":{"line":181,"column":6},"end":{"line":181,"column":null}}},"fnMap":{"0":{"name":"createRealPool","decl":{"start":{"line":18,"column":15},"end":{"line":18,"column":30}},"loc":{"start":{"line":18,"column":68},"end":{"line":37,"column":null}},"line":18},"1":{"name":"(anonymous_1)","decl":{"start":{"line":28,"column":6},"end":{"line":28,"column":18}},"loc":{"start":{"line":28,"column":69},"end":{"line":29,"column":null}},"line":28},"2":{"name":"(anonymous_2)","decl":{"start":{"line":49,"column":2},"end":{"line":49,"column":14}},"loc":{"start":{"line":49,"column":64},"end":{"line":72,"column":null}},"line":49},"3":{"name":"(anonymous_3)","decl":{"start":{"line":55,"column":44},"end":{"line":55,"column":51}},"loc":{"start":{"line":55,"column":56},"end":{"line":55,"column":72}},"line":55},"4":{"name":"(anonymous_4)","decl":{"start":{"line":72,"column":55},"end":{"line":72,"column":60}},"loc":{"start":{"line":72,"column":65},"end":{"line":72,"column":null}},"line":72},"5":{"name":"(anonymous_5)","decl":{"start":{"line":77,"column":2},"end":{"line":77,"column":14}},"loc":{"start":{"line":77,"column":52},"end":{"line":87,"column":null}},"line":77},"6":{"name":"(anonymous_6)","decl":{"start":{"line":81,"column":31},"end":{"line":81,"column":38}},"loc":{"start":{"line":81,"column":43},"end":{"line":81,"column":59}},"line":81},"7":{"name":"(anonymous_7)","decl":{"start":{"line":91,"column":2},"end":{"line":91,"column":12}},"loc":{"start":{"line":91,"column":36},"end":{"line":92,"column":null}},"line":91},"8":{"name":"(anonymous_8)","decl":{"start":{"line":96,"column":8},"end":{"line":96,"column":16}},"loc":{"start":{"line":96,"column":73},"end":{"line":126,"column":null}},"line":96},"9":{"name":"(anonymous_9)","decl":{"start":{"line":130,"column":8},"end":{"line":130,"column":14}},"loc":{"start":{"line":130,"column":67},"end":{"line":133,"column":null}},"line":130},"10":{"name":"(anonymous_10)","decl":{"start":{"line":137,"column":2},"end":{"line":137,"column":13}},"loc":{"start":{"line":137,"column":52},"end":{"line":143,"column":null}},"line":137},"11":{"name":"(anonymous_11)","decl":{"start":{"line":147,"column":2},"end":{"line":147,"column":12}},"loc":{"start":{"line":147,"column":34},"end":{"line":148,"column":null}},"line":147},"12":{"name":"(anonymous_12)","decl":{"start":{"line":152,"column":8},"end":{"line":152,"column":19}},"loc":{"start":{"line":152,"column":48},"end":{"line":158,"column":null}},"line":152},"13":{"name":"(anonymous_13)","decl":{"start":{"line":163,"column":2},"end":{"line":163,"column":20}},"loc":{"start":{"line":163,"column":60},"end":{"line":168,"column":null}},"line":163},"14":{"name":"(anonymous_14)","decl":{"start":{"line":168,"column":21},"end":{"line":168,"column":28}},"loc":{"start":{"line":168,"column":35},"end":{"line":168,"column":48}},"line":168},"15":{"name":"(anonymous_15)","decl":{"start":{"line":172,"column":2},"end":{"line":172,"column":16}},"loc":{"start":{"line":172,"column":16},"end":{"line":173,"column":null}},"line":172},"16":{"name":"(anonymous_16)","decl":{"start":{"line":176,"column":2},"end":{"line":176,"column":10}},"loc":{"start":{"line":176,"column":40},"end":{"line":181,"column":null}},"line":176}},"branchMap":{"0":{"loc":{"start":{"line":22,"column":2},"end":{"line":34,"column":null}},"type":"if","locations":[{"start":{"line":22,"column":2},"end":{"line":34,"column":null}},{"start":{"line":33,"column":9},"end":{"line":34,"column":null}}],"line":22},"1":{"loc":{"start":{"line":54,"column":4},"end":{"line":59,"column":null}},"type":"if","locations":[{"start":{"line":54,"column":4},"end":{"line":59,"column":null}},{"start":{},"end":{}}],"line":54},"2":{"loc":{"start":{"line":54,"column":8},"end":{"line":54,"column":50}},"type":"binary-expr","locations":[{"start":{"line":54,"column":8},"end":{"line":54,"column":27}},{"start":{"line":54,"column":27},"end":{"line":54,"column":50}}],"line":54},"3":{"loc":{"start":{"line":56,"column":6},"end":{"line":59,"column":null}},"type":"if","locations":[{"start":{"line":56,"column":6},"end":{"line":59,"column":null}},{"start":{},"end":{}}],"line":56},"4":{"loc":{"start":{"line":68,"column":4},"end":{"line":72,"column":null}},"type":"if","locations":[{"start":{"line":68,"column":4},"end":{"line":72,"column":null}},{"start":{"line":71,"column":11},"end":{"line":72,"column":null}}],"line":68},"5":{"loc":{"start":{"line":79,"column":4},"end":{"line":83,"column":null}},"type":"if","locations":[{"start":{"line":79,"column":4},"end":{"line":83,"column":null}},{"start":{},"end":{}}],"line":79},"6":{"loc":{"start":{"line":79,"column":8},"end":{"line":79,"column":46}},"type":"binary-expr","locations":[{"start":{"line":79,"column":8},"end":{"line":79,"column":25}},{"start":{"line":79,"column":25},"end":{"line":79,"column":46}}],"line":79},"7":{"loc":{"start":{"line":82,"column":6},"end":{"line":83,"column":null}},"type":"if","locations":[{"start":{"line":82,"column":6},"end":{"line":83,"column":null}},{"start":{},"end":{}}],"line":82},"8":{"loc":{"start":{"line":92,"column":11},"end":{"line":92,"column":null}},"type":"binary-expr","locations":[{"start":{"line":92,"column":11},"end":{"line":92,"column":35}},{"start":{"line":92,"column":39},"end":{"line":92,"column":null}}],"line":92},"9":{"loc":{"start":{"line":100,"column":4},"end":{"line":101,"column":null}},"type":"if","locations":[{"start":{"line":100,"column":4},"end":{"line":101,"column":null}},{"start":{},"end":{}}],"line":100},"10":{"loc":{"start":{"line":112,"column":18},"end":{"line":112,"column":null}},"type":"binary-expr","locations":[{"start":{"line":112,"column":18},"end":{"line":112,"column":36}},{"start":{"line":112,"column":36},"end":{"line":112,"column":null}}],"line":112},"11":{"loc":{"start":{"line":113,"column":6},"end":{"line":117,"column":null}},"type":"if","locations":[{"start":{"line":113,"column":6},"end":{"line":117,"column":null}},{"start":{"line":115,"column":13},"end":{"line":117,"column":null}}],"line":113},"12":{"loc":{"start":{"line":138,"column":18},"end":{"line":138,"column":49}},"type":"binary-expr","locations":[{"start":{"line":138,"column":18},"end":{"line":138,"column":43}},{"start":{"line":138,"column":47},"end":{"line":138,"column":49}}],"line":138},"13":{"loc":{"start":{"line":139,"column":4},"end":{"line":140,"column":null}},"type":"if","locations":[{"start":{"line":139,"column":4},"end":{"line":140,"column":null}},{"start":{},"end":{}}],"line":139},"14":{"loc":{"start":{"line":148,"column":11},"end":{"line":148,"column":null}},"type":"binary-expr","locations":[{"start":{"line":148,"column":11},"end":{"line":148,"column":48}},{"start":{"line":148,"column":48},"end":{"line":148,"column":null}}],"line":148},"15":{"loc":{"start":{"line":154,"column":4},"end":{"line":154,"column":null}},"type":"if","locations":[{"start":{"line":154,"column":4},"end":{"line":154,"column":null}},{"start":{},"end":{}}],"line":154},"16":{"loc":{"start":{"line":154,"column":8},"end":{"line":154,"column":38}},"type":"binary-expr","locations":[{"start":{"line":154,"column":8},"end":{"line":154,"column":18}},{"start":{"line":154,"column":18},"end":{"line":154,"column":38}}],"line":154}},"s":{"0":0,"1":0,"2":0,"3":0,"4":0,"5":0,"6":0,"7":0,"8":0,"9":0,"10":12,"11":12,"12":12,"13":12,"14":12,"15":2,"16":2,"17":2,"18":1,"19":11,"20":11,"21":11,"22":11,"23":0,"24":0,"25":0,"26":8,"27":0,"28":0,"29":0,"30":0,"31":0,"32":8,"33":8,"34":9,"35":3,"36":3,"37":3,"38":3,"39":0,"40":3,"41":3,"42":3,"43":3,"44":3,"45":3,"46":3,"47":5,"48":5,"49":5,"50":4,"51":1,"52":1,"53":3,"54":0,"55":0,"56":0,"57":2,"58":2,"59":0,"60":2,"61":2,"62":3,"63":8,"64":8,"65":7,"66":1,"67":1,"68":1,"69":2,"70":2,"71":2,"72":2,"73":2,"74":3,"75":11,"76":2,"77":2,"78":2,"79":0},"f":{"0":0,"1":0,"2":12,"3":2,"4":0,"5":8,"6":0,"7":9,"8":3,"9":0,"10":2,"11":3,"12":8,"13":2,"14":3,"15":11,"16":2},"b":{"0":[0,0],"1":[2,10],"2":[12,3],"3":[1,1],"4":[11,0],"5":[0,8],"6":[8,0],"7":[0,0],"8":[9,1],"9":[0,3],"10":[5,0],"11":[4,1],"12":[2,2],"13":[0,2],"14":[3,1],"15":[7,1],"16":[8,1]},"meta":{"lastBranch":17,"lastFunction":17,"lastStatement":80,"seen":{"f:18:15:18:30":0,"s:19:53:19:Infinity":0,"s:20:8:20:Infinity":1,"b:22:2:34:Infinity:33:9:34:Infinity":0,"s:22:2:34:Infinity":2,"s:25:32:25:Infinity":3,"s:26:18:26:47":4,"s:27:29:29:Infinity":5,"f:28:6:28:18":1,"s:29:8:29:Infinity":6,"s:32:4:32:Infinity":7,"s:34:4:34:Infinity":8,"s:37:2:37:Infinity":9,"s:43:22:43:49":10,"s:44:23:44:54":11,"f:49:2:49:14":2,"s:50:4:50:Infinity":12,"s:51:4:51:Infinity":13,"b:54:4:59:Infinity:undefined:undefined:undefined:undefined":1,"s:54:4:59:Infinity":14,"b:54:8:54:27:54:27:54:50":2,"s:55:23:55:73":15,"f:55:44:55:51":3,"s:55:56:55:72":16,"b:56:6:59:Infinity:undefined:undefined:undefined:undefined":3,"s:56:6:59:Infinity":17,"s:57:8:59:Infinity":18,"s:63:4:66:Infinity":19,"b:68:4:72:Infinity:71:11:72:Infinity":4,"s:68:4:72:Infinity":20,"s:69:6:69:Infinity":21,"s:70:6:70:Infinity":22,"s:72:6:72:Infinity":23,"f:72:55:72:60":4,"s:72:67:72:82":24,"s:72:82:72:93":25,"f:77:2:77:14":5,"b:79:4:83:Infinity:undefined:undefined:undefined:undefined":5,"s:79:4:83:Infinity":26,"b:79:8:79:25:79:25:79:46":6,"s:80:22:80:55":27,"s:81:23:81:60":28,"f:81:31:81:38":6,"s:81:43:81:59":29,"b:82:6:83:Infinity:undefined:undefined:undefined:undefined":7,"s:82:6:83:Infinity":30,"s:83:8:83:Infinity":31,"s:86:4:86:Infinity":32,"s:87:4:87:Infinity":33,"f:91:2:91:12":7,"s:92:4:92:Infinity":34,"b:92:11:92:35:92:39:92:Infinity":8,"f:96:8:96:16":8,"s:97:17:97:Infinity":35,"s:98:19:98:39":36,"s:99:24:99:Infinity":37,"b:100:4:101:Infinity:undefined:undefined:undefined:undefined":9,"s:100:4:101:Infinity":38,"s:101:6:101:Infinity":39,"s:104:21:104:53":40,"s:105:31:105:33":41,"s:106:31:106:33":42,"s:107:29:107:31":43,"s:109:20:109:54":44,"s:110:4:117:Infinity":45,"s:110:17:110:20":46,"s:111:21:111:Infinity":47,"s:112:18:112:Infinity":48,"b:112:18:112:36:112:36:112:Infinity":10,"b:113:6:117:Infinity:115:13:117:Infinity":11,"s:113:6:117:Infinity":49,"s:114:8:114:Infinity":50,"s:116:8:116:Infinity":51,"s:117:8:117:Infinity":52,"s:121:4:126:Infinity":53,"f:130:8:130:14":9,"s:131:17:131:Infinity":54,"s:132:19:132:39":55,"s:133:4:133:Infinity":56,"f:137:2:137:13":10,"s:138:18:138:49":57,"b:138:18:138:43:138:47:138:49":12,"b:139:4:140:Infinity:undefined:undefined:undefined:undefined":13,"s:139:4:140:Infinity":58,"s:140:6:140:Infinity":59,"s:142:4:142:Infinity":60,"s:143:4:143:Infinity":61,"f:147:2:147:12":11,"s:148:4:148:Infinity":62,"b:148:11:148:48:148:48:148:Infinity":14,"f:152:8:152:19":12,"s:153:18:153:43":63,"b:154:4:154:Infinity:undefined:undefined:undefined:undefined":15,"s:154:4:154:Infinity":64,"b:154:8:154:18:154:18:154:38":16,"s:154:38:154:Infinity":65,"s:156:4:156:Infinity":66,"s:157:4:158:Infinity":67,"s:158:6:158:Infinity":68,"f:163:2:163:20":13,"s:164:20:164:41":69,"s:165:20:165:41":70,"s:166:17:166:61":71,"s:167:17:167:61":72,"s:168:4:168:Infinity":73,"f:168:21:168:28":14,"s:168:35:168:48":74,"f:172:2:172:16":15,"s:173:4:173:Infinity":75,"f:176:2:176:10":16,"s:177:4:181:Infinity":76,"s:178:21:178:33":77,"s:179:6:179:Infinity":78,"s:181:6:181:Infinity":79}}}
,"./src/validation.ts": {"path":"./src/validation.ts","statementMap":{"0":{"start":{"line":4,"column":21},"end":{"line":4,"column":92}},"1":{"start":{"line":7,"column":24},"end":{"line":7,"column":87}},"2":{"start":{"line":10,"column":24},"end":{"line":10,"column":83}},"3":{"start":{"line":12,"column":22},"end":{"line":12,"column":null}},"4":{"start":{"line":13,"column":25},"end":{"line":13,"column":null}},"5":{"start":{"line":14,"column":22},"end":{"line":14,"column":null}},"6":{"start":{"line":18,"column":17},"end":{"line":18,"column":29}},"7":{"start":{"line":19,"column":15},"end":{"line":19,"column":44}},"8":{"start":{"line":20,"column":2},"end":{"line":25,"column":null}},"9":{"start":{"line":25,"column":4},"end":{"line":25,"column":null}}},"fnMap":{"0":{"name":"validatePublicUrl","decl":{"start":{"line":17,"column":16},"end":{"line":17,"column":34}},"loc":{"start":{"line":17,"column":53},"end":{"line":25,"column":null}},"line":17}},"branchMap":{"0":{"loc":{"start":{"line":20,"column":2},"end":{"line":25,"column":null}},"type":"if","locations":[{"start":{"line":20,"column":2},"end":{"line":25,"column":null}},{"start":{},"end":{}}],"line":20},"1":{"loc":{"start":{"line":21,"column":4},"end":{"line":23,"column":28}},"type":"binary-expr","locations":[{"start":{"line":21,"column":4},"end":{"line":21,"column":32}},{"start":{"line":22,"column":4},"end":{"line":22,"column":50}},{"start":{"line":23,"column":4},"end":{"line":23,"column":28}}],"line":21}},"s":{"0":1,"1":1,"2":1,"3":1,"4":1,"5":1,"6":7,"7":7,"8":7,"9":0},"f":{"0":7},"b":{"0":[0,7],"1":[7,7,7]},"meta":{"lastBranch":2,"lastFunction":1,"lastStatement":10,"seen":{"s:4:21:4:92":0,"s:7:24:7:87":1,"s:10:24:10:83":2,"s:12:22:12:Infinity":3,"s:13:25:13:Infinity":4,"s:14:22:14:Infinity":5,"f:17:16:17:34":0,"s:18:17:18:29":6,"s:19:15:19:44":7,"b:20:2:25:Infinity:undefined:undefined:undefined:undefined":0,"s:20:2:25:Infinity":8,"b:21:4:21:32:22:4:22:50:23:4:23:28":1,"s:25:4:25:Infinity":9}}}
,"./src/identity/handlers.ts": {"path":"./src/identity/handlers.ts","statementMap":{"0":{"start":{"line":10,"column":8},"end":{"line":10,"column":50}},"1":{"start":{"line":11,"column":8},"end":{"line":11,"column":37}},"2":{"start":{"line":12,"column":15},"end":{"line":12,"column":null}},"3":{"start":{"line":13,"column":2},"end":{"line":13,"column":null}},"4":{"start":{"line":14,"column":2},"end":{"line":14,"column":null}},"5":{"start":{"line":22,"column":2},"end":{"line":22,"column":null}},"6":{"start":{"line":30,"column":2},"end":{"line":30,"column":null}},"7":{"start":{"line":38,"column":2},"end":{"line":38,"column":null}},"8":{"start":{"line":39,"column":2},"end":{"line":39,"column":null}},"9":{"start":{"line":44,"column":2},"end":{"line":44,"column":null}},"10":{"start":{"line":52,"column":2},"end":{"line":52,"column":null}}},"fnMap":{"0":{"name":"handleIdentityCreate","decl":{"start":{"line":9,"column":16},"end":{"line":9,"column":75}},"loc":{"start":{"line":9,"column":75},"end":{"line":14,"column":null}},"line":9},"1":{"name":"handleIdentityDerive","decl":{"start":{"line":18,"column":16},"end":{"line":18,"column":null}},"loc":{"start":{"line":21,"column":18},"end":{"line":22,"column":null}},"line":21},"2":{"name":"handleIdentityDerivePersona","decl":{"start":{"line":26,"column":16},"end":{"line":26,"column":null}},"loc":{"start":{"line":29,"column":18},"end":{"line":30,"column":null}},"line":29},"3":{"name":"handleIdentitySwitch","decl":{"start":{"line":34,"column":16},"end":{"line":34,"column":null}},"loc":{"start":{"line":37,"column":20},"end":{"line":39,"column":null}},"line":37},"4":{"name":"handleIdentityList","decl":{"start":{"line":43,"column":16},"end":{"line":43,"column":35}},"loc":{"start":{"line":43,"column":75},"end":{"line":44,"column":null}},"line":43},"5":{"name":"handleIdentityProve","decl":{"start":{"line":48,"column":16},"end":{"line":48,"column":null}},"loc":{"start":{"line":51,"column":16},"end":{"line":52,"column":null}},"line":51}},"branchMap":{"0":{"loc":{"start":{"line":52,"column":19},"end":{"line":52,"column":40}},"type":"binary-expr","locations":[{"start":{"line":52,"column":19},"end":{"line":52,"column":32}},{"start":{"line":52,"column":32},"end":{"line":52,"column":40}}],"line":52}},"s":{"0":1,"1":1,"2":1,"3":1,"4":1,"5":1,"6":1,"7":4,"8":4,"9":2,"10":5},"f":{"0":1,"1":1,"2":1,"3":4,"4":2,"5":5},"b":{"0":[5,2]},"meta":{"lastBranch":1,"lastFunction":6,"lastStatement":11,"seen":{"f:9:16:9:75":0,"s:10:8:10:50":0,"s:11:8:11:37":1,"s:12:15:12:Infinity":2,"s:13:2:13:Infinity":3,"s:14:2:14:Infinity":4,"f:18:16:18:Infinity":1,"s:22:2:22:Infinity":5,"f:26:16:26:Infinity":2,"s:30:2:30:Infinity":6,"f:34:16:34:Infinity":3,"s:38:2:38:Infinity":7,"s:39:2:39:Infinity":8,"f:43:16:43:35":4,"s:44:2:44:Infinity":9,"f:48:16:48:Infinity":5,"s:52:2:52:Infinity":10,"b:52:19:52:32:52:32:52:40":0}}}
,"./src/identity/migration.ts": {"path":"./src/identity/migration.ts","statementMap":{"0":{"start":{"line":7,"column":21},"end":{"line":7,"column":null}},"1":{"start":{"line":8,"column":25},"end":{"line":8,"column":47}},"2":{"start":{"line":38,"column":17},"end":{"line":41,"column":4}},"3":{"start":{"line":43,"column":2},"end":{"line":43,"column":null}},"4":{"start":{"line":52,"column":15},"end":{"line":52,"column":39}},"5":{"start":{"line":53,"column":46},"end":{"line":53,"column":48}},"6":{"start":{"line":54,"column":44},"end":{"line":54,"column":46}},"7":{"start":{"line":56,"column":2},"end":{"line":83,"column":null}},"8":{"start":{"line":58,"column":4},"end":{"line":63,"column":null}},"9":{"start":{"line":59,"column":6},"end":{"line":62,"column":null}},"10":{"start":{"line":63,"column":6},"end":{"line":63,"column":null}},"11":{"start":{"line":66,"column":4},"end":{"line":71,"column":null}},"12":{"start":{"line":67,"column":6},"end":{"line":70,"column":null}},"13":{"start":{"line":71,"column":6},"end":{"line":71,"column":null}},"14":{"start":{"line":75,"column":36},"end":{"line":80,"column":null}},"15":{"start":{"line":82,"column":19},"end":{"line":82,"column":39}},"16":{"start":{"line":83,"column":4},"end":{"line":83,"column":null}},"17":{"start":{"line":86,"column":2},"end":{"line":86,"column":null}},"18":{"start":{"line":95,"column":17},"end":{"line":95,"column":82}},"19":{"start":{"line":98,"column":23},"end":{"line":98,"column":60}},"20":{"start":{"line":98,"column":47},"end":{"line":98,"column":60}},"21":{"start":{"line":99,"column":32},"end":{"line":99,"column":34}},"22":{"start":{"line":100,"column":2},"end":{"line":104,"column":null}},"23":{"start":{"line":101,"column":4},"end":{"line":104,"column":null}},"24":{"start":{"line":102,"column":21},"end":{"line":102,"column":53}},"25":{"start":{"line":103,"column":6},"end":{"line":103,"column":null}},"26":{"start":{"line":107,"column":23},"end":{"line":107,"column":60}},"27":{"start":{"line":107,"column":47},"end":{"line":107,"column":60}},"28":{"start":{"line":108,"column":23},"end":{"line":108,"column":null}},"29":{"start":{"line":108,"column":54},"end":{"line":108,"column":67}},"30":{"start":{"line":110,"column":21},"end":{"line":110,"column":62}},"31":{"start":{"line":110,"column":45},"end":{"line":110,"column":62}},"32":{"start":{"line":111,"column":21},"end":{"line":111,"column":null}},"33":{"start":{"line":111,"column":50},"end":{"line":111,"column":63}},"34":{"start":{"line":113,"column":27},"end":{"line":113,"column":null}},"35":{"start":{"line":113,"column":53},"end":{"line":113,"column":70}},"36":{"start":{"line":115,"column":34},"end":{"line":115,"column":null}},"37":{"start":{"line":117,"column":2},"end":{"line":118,"column":null}},"38":{"start":{"line":118,"column":4},"end":{"line":118,"column":null}},"39":{"start":{"line":122,"column":2},"end":{"line":122,"column":null}},"40":{"start":{"line":125,"column":2},"end":{"line":138,"column":null}},"41":{"start":{"line":126,"column":18},"end":{"line":126,"column":35}},"42":{"start":{"line":127,"column":17},"end":{"line":127,"column":41}},"43":{"start":{"line":128,"column":23},"end":{"line":136,"column":6}},"44":{"start":{"line":137,"column":4},"end":{"line":137,"column":null}},"45":{"start":{"line":142,"column":2},"end":{"line":142,"column":null}}},"fnMap":{"0":{"name":"handleIdentityBackup","decl":{"start":{"line":33,"column":22},"end":{"line":33,"column":null}},"loc":{"start":{"line":37,"column":25},"end":{"line":43,"column":null}},"line":37},"1":{"name":"handleIdentityRestore","decl":{"start":{"line":47,"column":22},"end":{"line":47,"column":null}},"loc":{"start":{"line":51,"column":26},"end":{"line":86,"column":null}},"line":51},"2":{"name":"handleIdentityMigrate","decl":{"start":{"line":90,"column":22},"end":{"line":90,"column":null}},"loc":{"start":{"line":94,"column":26},"end":{"line":142,"column":null}},"line":94},"3":{"name":"(anonymous_3)","decl":{"start":{"line":98,"column":37},"end":{"line":98,"column":42}},"loc":{"start":{"line":98,"column":47},"end":{"line":98,"column":60}},"line":98},"4":{"name":"(anonymous_4)","decl":{"start":{"line":107,"column":37},"end":{"line":107,"column":42}},"loc":{"start":{"line":107,"column":47},"end":{"line":107,"column":60}},"line":107},"5":{"name":"(anonymous_5)","decl":{"start":{"line":108,"column":42},"end":{"line":108,"column":49}},"loc":{"start":{"line":108,"column":54},"end":{"line":108,"column":67}},"line":108},"6":{"name":"(anonymous_6)","decl":{"start":{"line":110,"column":35},"end":{"line":110,"column":40}},"loc":{"start":{"line":110,"column":45},"end":{"line":110,"column":62}},"line":110},"7":{"name":"(anonymous_7)","decl":{"start":{"line":111,"column":38},"end":{"line":111,"column":45}},"loc":{"start":{"line":111,"column":50},"end":{"line":111,"column":63}},"line":111},"8":{"name":"(anonymous_8)","decl":{"start":{"line":113,"column":41},"end":{"line":113,"column":48}},"loc":{"start":{"line":113,"column":53},"end":{"line":113,"column":70}},"line":113}},"branchMap":{"0":{"loc":{"start":{"line":58,"column":4},"end":{"line":63,"column":null}},"type":"if","locations":[{"start":{"line":58,"column":4},"end":{"line":63,"column":null}},{"start":{},"end":{}}],"line":58},"1":{"loc":{"start":{"line":58,"column":8},"end":{"line":58,"column":66}},"type":"binary-expr","locations":[{"start":{"line":58,"column":8},"end":{"line":58,"column":27}},{"start":{"line":58,"column":31},"end":{"line":58,"column":66}}],"line":58},"2":{"loc":{"start":{"line":66,"column":4},"end":{"line":71,"column":null}},"type":"if","locations":[{"start":{"line":66,"column":4},"end":{"line":71,"column":null}},{"start":{},"end":{}}],"line":66},"3":{"loc":{"start":{"line":100,"column":2},"end":{"line":104,"column":null}},"type":"if","locations":[{"start":{"line":100,"column":2},"end":{"line":104,"column":null}},{"start":{},"end":{}}],"line":100},"4":{"loc":{"start":{"line":108,"column":23},"end":{"line":108,"column":null}},"type":"binary-expr","locations":[{"start":{"line":108,"column":23},"end":{"line":108,"column":78}},{"start":{"line":108,"column":78},"end":{"line":108,"column":null}}],"line":108},"5":{"loc":{"start":{"line":111,"column":21},"end":{"line":111,"column":null}},"type":"binary-expr","locations":[{"start":{"line":111,"column":21},"end":{"line":111,"column":74}},{"start":{"line":111,"column":74},"end":{"line":111,"column":null}}],"line":111},"6":{"loc":{"start":{"line":117,"column":2},"end":{"line":118,"column":null}},"type":"if","locations":[{"start":{"line":117,"column":2},"end":{"line":118,"column":null}},{"start":{},"end":{}}],"line":117}},"s":{"0":2,"1":2,"2":6,"3":6,"4":3,"5":3,"6":3,"7":3,"8":8,"9":0,"10":0,"11":8,"12":2,"13":2,"14":6,"15":6,"16":6,"17":3,"18":3,"19":3,"20":3,"21":3,"22":3,"23":3,"24":3,"25":3,"26":3,"27":6,"28":3,"29":9,"30":3,"31":7,"32":3,"33":1,"34":3,"35":7,"36":3,"37":3,"38":2,"39":1,"40":1,"41":1,"42":1,"43":1,"44":0,"45":1},"f":{"0":6,"1":3,"2":3,"3":3,"4":6,"5":9,"6":7,"7":1,"8":7},"b":{"0":[0,8],"1":[8,8],"2":[2,6],"3":[3,0],"4":[3,0],"5":[3,2],"6":[2,1]},"meta":{"lastBranch":7,"lastFunction":9,"lastStatement":46,"seen":{"s:7:21:7:Infinity":0,"s:8:25:8:47":1,"f:33:22:33:Infinity":0,"s:38:17:41:4":2,"s:43:2:43:Infinity":3,"f:47:22:47:Infinity":1,"s:52:15:52:39":4,"s:53:46:53:48":5,"s:54:44:54:46":6,"s:56:2:83:Infinity":7,"b:58:4:63:Infinity:undefined:undefined:undefined:undefined":0,"s:58:4:63:Infinity":8,"b:58:8:58:27:58:31:58:66":1,"s:59:6:62:Infinity":9,"s:63:6:63:Infinity":10,"b:66:4:71:Infinity:undefined:undefined:undefined:undefined":2,"s:66:4:71:Infinity":11,"s:67:6:70:Infinity":12,"s:71:6:71:Infinity":13,"s:75:36:80:Infinity":14,"s:82:19:82:39":15,"s:83:4:83:Infinity":16,"s:86:2:86:Infinity":17,"f:90:22:90:Infinity":2,"s:95:17:95:82":18,"s:98:23:98:60":19,"f:98:37:98:42":3,"s:98:47:98:60":20,"s:99:32:99:34":21,"b:100:2:104:Infinity:undefined:undefined:undefined:undefined":3,"s:100:2:104:Infinity":22,"s:101:4:104:Infinity":23,"s:102:21:102:53":24,"s:103:6:103:Infinity":25,"s:107:23:107:60":26,"f:107:37:107:42":4,"s:107:47:107:60":27,"s:108:23:108:Infinity":28,"b:108:23:108:78:108:78:108:Infinity":4,"f:108:42:108:49":5,"s:108:54:108:67":29,"s:110:21:110:62":30,"f:110:35:110:40":6,"s:110:45:110:62":31,"s:111:21:111:Infinity":32,"b:111:21:111:74:111:74:111:Infinity":5,"f:111:38:111:45":7,"s:111:50:111:63":33,"s:113:27:113:Infinity":34,"f:113:41:113:48":8,"s:113:53:113:70":35,"s:115:34:115:Infinity":36,"b:117:2:118:Infinity:undefined:undefined:undefined:undefined":6,"s:117:2:118:Infinity":37,"s:118:4:118:Infinity":38,"s:122:2:122:Infinity":39,"s:125:2:138:Infinity":40,"s:126:18:126:35":41,"s:127:17:127:41":42,"s:128:23:136:6":43,"s:137:4:137:Infinity":44,"s:142:2:142:Infinity":45}}}
,"./src/identity/shamir.ts": {"path":"./src/identity/shamir.ts","statementMap":{"0":{"start":{"line":25,"column":2},"end":{"line":30,"column":null}},"1":{"start":{"line":26,"column":10},"end":{"line":26,"column":41}},"2":{"start":{"line":27,"column":4},"end":{"line":27,"column":null}},"3":{"start":{"line":27,"column":29},"end":{"line":27,"column":null}},"4":{"start":{"line":29,"column":4},"end":{"line":29,"column":null}},"5":{"start":{"line":29,"column":31},"end":{"line":29,"column":null}},"6":{"start":{"line":30,"column":4},"end":{"line":30,"column":null}},"7":{"start":{"line":33,"column":8},"end":{"line":33,"column":76}},"8":{"start":{"line":34,"column":26},"end":{"line":34,"column":28}},"9":{"start":{"line":37,"column":30},"end":{"line":37,"column":32}},"10":{"start":{"line":38,"column":2},"end":{"line":44,"column":null}},"11":{"start":{"line":38,"column":15},"end":{"line":38,"column":18}},"12":{"start":{"line":39,"column":10},"end":{"line":39,"column":47}},"13":{"start":{"line":40,"column":10},"end":{"line":40,"column":64}},"14":{"start":{"line":41,"column":21},"end":{"line":41,"column":null}},"15":{"start":{"line":42,"column":4},"end":{"line":42,"column":null}},"16":{"start":{"line":43,"column":4},"end":{"line":43,"column":null}},"17":{"start":{"line":44,"column":4},"end":{"line":44,"column":null}},"18":{"start":{"line":48,"column":2},"end":{"line":49,"column":null}},"19":{"start":{"line":48,"column":15},"end":{"line":48,"column":18}},"20":{"start":{"line":49,"column":4},"end":{"line":49,"column":null}},"21":{"start":{"line":52,"column":2},"end":{"line":52,"column":null}},"22":{"start":{"line":57,"column":2},"end":{"line":58,"column":null}},"23":{"start":{"line":58,"column":4},"end":{"line":58,"column":null}},"24":{"start":{"line":61,"column":17},"end":{"line":65,"column":null}},"25":{"start":{"line":62,"column":10},"end":{"line":62,"column":58}},"26":{"start":{"line":63,"column":18},"end":{"line":63,"column":36}},"27":{"start":{"line":64,"column":4},"end":{"line":64,"column":null}},"28":{"start":{"line":67,"column":2},"end":{"line":67,"column":null}}},"fnMap":{"0":{"name":"handleBackupShamir","decl":{"start":{"line":23,"column":16},"end":{"line":23,"column":35}},"loc":{"start":{"line":23,"column":109},"end":{"line":52,"column":null}},"line":23},"1":{"name":"handleRestoreShamir","decl":{"start":{"line":56,"column":16},"end":{"line":56,"column":36}},"loc":{"start":{"line":56,"column":67},"end":{"line":67,"column":null}},"line":56},"2":{"name":"(anonymous_2)","decl":{"start":{"line":61,"column":28},"end":{"line":61,"column":32}},"loc":{"start":{"line":61,"column":44},"end":{"line":65,"column":null}},"line":61}},"branchMap":{"0":{"loc":{"start":{"line":27,"column":4},"end":{"line":27,"column":null}},"type":"if","locations":[{"start":{"line":27,"column":4},"end":{"line":27,"column":null}},{"start":{},"end":{}}],"line":27},"1":{"loc":{"start":{"line":29,"column":4},"end":{"line":29,"column":null}},"type":"if","locations":[{"start":{"line":29,"column":4},"end":{"line":29,"column":null}},{"start":{},"end":{}}],"line":29},"2":{"loc":{"start":{"line":57,"column":2},"end":{"line":58,"column":null}},"type":"if","locations":[{"start":{"line":57,"column":2},"end":{"line":58,"column":null}},{"start":{},"end":{}}],"line":57}},"s":{"0":8,"1":8,"2":8,"3":0,"4":1,"5":1,"6":0,"7":7,"8":7,"9":7,"10":7,"11":7,"12":27,"13":27,"14":27,"15":27,"16":27,"17":27,"18":7,"19":7,"20":27,"21":7,"22":4,"23":1,"24":3,"25":7,"26":7,"27":7,"28":3},"f":{"0":8,"1":4,"2":7},"b":{"0":[0,8],"1":[1,0],"2":[1,3]},"meta":{"lastBranch":3,"lastFunction":3,"lastStatement":29,"seen":{"f:23:16:23:35":0,"s:25:2:30:Infinity":0,"s:26:10:26:41":1,"b:27:4:27:Infinity:undefined:undefined:undefined:undefined":0,"s:27:4:27:Infinity":2,"s:27:29:27:Infinity":3,"b:29:4:29:Infinity:undefined:undefined:undefined:undefined":1,"s:29:4:29:Infinity":4,"s:29:31:29:Infinity":5,"s:30:4:30:Infinity":6,"s:33:8:33:76":7,"s:34:26:34:28":8,"s:37:30:37:32":9,"s:38:2:44:Infinity":10,"s:38:15:38:18":11,"s:39:10:39:47":12,"s:40:10:40:64":13,"s:41:21:41:Infinity":14,"s:42:4:42:Infinity":15,"s:43:4:43:Infinity":16,"s:44:4:44:Infinity":17,"s:48:2:49:Infinity":18,"s:48:15:48:18":19,"s:49:4:49:Infinity":20,"s:52:2:52:Infinity":21,"f:56:16:56:36":1,"b:57:2:58:Infinity:undefined:undefined:undefined:undefined":2,"s:57:2:58:Infinity":22,"s:58:4:58:Infinity":23,"s:61:17:65:Infinity":24,"f:61:28:61:32":2,"s:62:10:62:58":25,"s:63:18:63:36":26,"s:64:4:64:Infinity":27,"s:67:2:67:Infinity":28}}}
,"./src/relay/handlers.ts": {"path":"./src/relay/handlers.ts","statementMap":{"0":{"start":{"line":23,"column":17},"end":{"line":23,"column":47}},"1":{"start":{"line":24,"column":34},"end":{"line":27,"column":null}},"2":{"start":{"line":29,"column":2},"end":{"line":32,"column":null}},"3":{"start":{"line":30,"column":19},"end":{"line":30,"column":74}},"4":{"start":{"line":31,"column":4},"end":{"line":32,"column":null}},"5":{"start":{"line":32,"column":6},"end":{"line":32,"column":null}},"6":{"start":{"line":36,"column":2},"end":{"line":36,"column":null}},"7":{"start":{"line":46,"column":19},"end":{"line":49,"column":4}},"8":{"start":{"line":52,"column":27},"end":{"line":55,"column":null}},"9":{"start":{"line":53,"column":4},"end":{"line":53,"column":null}},"10":{"start":{"line":53,"column":16},"end":{"line":53,"column":null}},"11":{"start":{"line":54,"column":4},"end":{"line":54,"column":null}},"12":{"start":{"line":57,"column":15},"end":{"line":57,"column":39}},"13":{"start":{"line":58,"column":16},"end":{"line":63,"column":4}},"14":{"start":{"line":65,"column":2},"end":{"line":70,"column":null}},"15":{"start":{"line":66,"column":4},"end":{"line":70,"column":null}},"16":{"start":{"line":73,"column":18},"end":{"line":73,"column":59}},"17":{"start":{"line":76,"column":15},"end":{"line":76,"column":84}},"18":{"start":{"line":76,"column":39},"end":{"line":76,"column":68}},"19":{"start":{"line":76,"column":78},"end":{"line":76,"column":84}},"20":{"start":{"line":77,"column":16},"end":{"line":77,"column":86}},"21":{"start":{"line":77,"column":40},"end":{"line":77,"column":70}},"22":{"start":{"line":77,"column":80},"end":{"line":77,"column":86}},"23":{"start":{"line":78,"column":2},"end":{"line":78,"column":null}},"24":{"start":{"line":80,"column":2},"end":{"line":80,"column":null}},"25":{"start":{"line":89,"column":18},"end":{"line":89,"column":48}},"26":{"start":{"line":90,"column":15},"end":{"line":90,"column":32}},"27":{"start":{"line":91,"column":16},"end":{"line":91,"column":34}},"28":{"start":{"line":93,"column":2},"end":{"line":94,"column":null}},"29":{"start":{"line":94,"column":4},"end":{"line":94,"column":null}},"30":{"start":{"line":94,"column":34},"end":{"line":94,"column":null}},"31":{"start":{"line":96,"column":2},"end":{"line":97,"column":null}},"32":{"start":{"line":97,"column":4},"end":{"line":97,"column":null}},"33":{"start":{"line":97,"column":35},"end":{"line":97,"column":null}},"34":{"start":{"line":100,"column":2},"end":{"line":100,"column":null}},"35":{"start":{"line":101,"column":2},"end":{"line":101,"column":null}},"36":{"start":{"line":106,"column":2},"end":{"line":107,"column":null}},"37":{"start":{"line":107,"column":4},"end":{"line":107,"column":null}},"38":{"start":{"line":109,"column":17},"end":{"line":109,"column":29}},"39":{"start":{"line":110,"column":15},"end":{"line":110,"column":44}},"40":{"start":{"line":111,"column":2},"end":{"line":117,"column":null}},"41":{"start":{"line":117,"column":4},"end":{"line":117,"column":null}},"42":{"start":{"line":125,"column":2},"end":{"line":125,"column":null}},"43":{"start":{"line":127,"column":18},"end":{"line":127,"column":85}},"44":{"start":{"line":128,"column":19},"end":{"line":131,"column":4}},"45":{"start":{"line":132,"column":2},"end":{"line":133,"column":null}},"46":{"start":{"line":133,"column":4},"end":{"line":133,"column":null}},"47":{"start":{"line":135,"column":15},"end":{"line":135,"column":36}},"48":{"start":{"line":136,"column":2},"end":{"line":137,"column":null}},"49":{"start":{"line":137,"column":4},"end":{"line":137,"column":null}},"50":{"start":{"line":139,"column":2},"end":{"line":142,"column":null}},"51":{"start":{"line":140,"column":4},"end":{"line":140,"column":null}},"52":{"start":{"line":142,"column":4},"end":{"line":142,"column":null}}},"fnMap":{"0":{"name":"handleRelayList","decl":{"start":{"line":18,"column":16},"end":{"line":18,"column":null}},"loc":{"start":{"line":22,"column":19},"end":{"line":36,"column":null}},"line":22},"1":{"name":"handleRelaySet","decl":{"start":{"line":40,"column":22},"end":{"line":40,"column":null}},"loc":{"start":{"line":44,"column":97},"end":{"line":80,"column":null}},"line":44},"2":{"name":"(anonymous_2)","decl":{"start":{"line":52,"column":39},"end":{"line":52,"column":43}},"loc":{"start":{"line":52,"column":48},"end":{"line":55,"column":null}},"line":52},"3":{"name":"(anonymous_3)","decl":{"start":{"line":76,"column":27},"end":{"line":76,"column":34}},"loc":{"start":{"line":76,"column":39},"end":{"line":76,"column":68}},"line":76},"4":{"name":"(anonymous_4)","decl":{"start":{"line":76,"column":69},"end":{"line":76,"column":73}},"loc":{"start":{"line":76,"column":78},"end":{"line":76,"column":84}},"line":76},"5":{"name":"(anonymous_5)","decl":{"start":{"line":77,"column":28},"end":{"line":77,"column":35}},"loc":{"start":{"line":77,"column":40},"end":{"line":77,"column":70}},"line":77},"6":{"name":"(anonymous_6)","decl":{"start":{"line":77,"column":71},"end":{"line":77,"column":75}},"loc":{"start":{"line":77,"column":80},"end":{"line":77,"column":86}},"line":77},"7":{"name":"handleRelayAdd","decl":{"start":{"line":84,"column":16},"end":{"line":84,"column":null}},"loc":{"start":{"line":88,"column":29},"end":{"line":101,"column":null}},"line":88},"8":{"name":"validateRelayUrl","decl":{"start":{"line":105,"column":16},"end":{"line":105,"column":33}},"loc":{"start":{"line":105,"column":52},"end":{"line":117,"column":null}},"line":105},"9":{"name":"handleRelayInfo","decl":{"start":{"line":122,"column":22},"end":{"line":122,"column":null}},"loc":{"start":{"line":124,"column":36},"end":{"line":142,"column":null}},"line":124}},"branchMap":{"0":{"loc":{"start":{"line":29,"column":2},"end":{"line":32,"column":null}},"type":"if","locations":[{"start":{"line":29,"column":2},"end":{"line":32,"column":null}},{"start":{},"end":{}}],"line":29},"1":{"loc":{"start":{"line":31,"column":4},"end":{"line":32,"column":null}},"type"
[...]
76,"column":58},"end":{"line":184,"column":null}},"line":176},"10":{"name":"handleZapMakeInvoice","decl":{"start":{"line":188,"column":22},"end":{"line":188,"column":null}},"loc":{"start":{"line":192,"column":58},"end":{"line":203,"column":null}},"line":192},"11":{"name":"handleZapLookupInvoice","decl":{"start":{"line":207,"column":22},"end":{"line":207,"column":null}},"loc":{"start":{"line":211,"column":58},"end":{"line":222,"column":null}},"line":211},"12":{"name":"handleZapListTransactions","decl":{"start":{"line":226,"column":22},"end":{"line":226,"column":null}},"loc":{"start":{"line":230,"column":58},"end":{"line":241,"column":null}},"line":230},"13":{"name":"handleZapParseResponse","decl":{"start":{"line":245,"column":16},"end":{"line":245,"column":null}},"loc":{"start":{"line":248,"column":104},"end":{"line":250,"column":null}},"line":248}},"branchMap":{"0":{"loc":{"start":{"line":19,"column":17},"end":{"line":19,"column":63}},"type":"binary-expr","locations":[{"start":{"line":19,"column":17},"end":{"line":19,"column":33}},{"start":{"line":19,"column":33},"end":{"line":19,"column":63}}],"line":19},"1":{"loc":{"start":{"line":22,"column":2},"end":{"line":23,"column":null}},"type":"if","locations":[{"start":{"line":22,"column":2},"end":{"line":23,"column":null}},{"start":{},"end":{}}],"line":22},"2":{"loc":{"start":{"line":22,"column":6},"end":{"line":22,"column":36}},"type":"binary-expr","locations":[{"start":{"line":22,"column":6},"end":{"line":22,"column":17}},{"start":{"line":22,"column":17},"end":{"line":22,"column":27}},{"start":{"line":22,"column":27},"end":{"line":22,"column":36}}],"line":22},"3":{"loc":{"start":{"line":96,"column":11},"end":{"line":96,"column":null}},"type":"binary-expr","locations":[{"start":{"line":96,"column":11},"end":{"line":96,"column":26}},{"start":{"line":96,"column":26},"end":{"line":96,"column":null}}],"line":96},"4":{"loc":{"start":{"line":97,"column":8},"end":{"line":97,"column":null}},"type":"cond-expr","locations":[{"start":{"line":97,"column":22},"end":{"line":97,"column":43}},{"start":{"line":97,"column":46},"end":{"line":97,"column":null}}],"line":97},"5":{"loc":{"start":{"line":110,"column":2},"end":{"line":119,"column":null}},"type":"if","locations":[{"start":{"line":110,"column":2},"end":{"line":119,"column":null}},{"start":{},"end":{}}],"line":110},"6":{"loc":{"start":{"line":116,"column":6},"end":{"line":117,"column":null}},"type":"if","locations":[{"start":{"line":116,"column":6},"end":{"line":117,"column":null}},{"start":{},"end":{}}],"line":116},"7":{"loc":{"start":{"line":136,"column":2},"end":{"line":146,"column":null}},"type":"if","locations":[{"start":{"line":136,"column":2},"end":{"line":146,"column":null}},{"start":{},"end":{}}],"line":136},"8":{"loc":{"start":{"line":145,"column":4},"end":{"line":146,"column":null}},"type":"if","locations":[{"start":{"line":145,"column":4},"end":{"line":146,"column":null}},{"start":{},"end":{}}],"line":145},"9":{"loc":{"start":{"line":145,"column":8},"end":{"line":145,"column":47}},"type":"binary-expr","locations":[{"start":{"line":145,"column":8},"end":{"line":145,"column":22}},{"start":{"line":145,"column":22},"end":{"line":145,"column":47}}],"line":145},"10":{"loc":{"start":{"line":161,"column":2},"end":{"line":162,"column":null}},"type":"if","locations":[{"start":{"line":161,"column":2},"end":{"line":162,"column":null}},{"start":{},"end":{}}],"line":161},"11":{"loc":{"start":{"line":177,"column":2},"end":{"line":178,"column":null}},"type":"if","locations":[{"start":{"line":177,"column":2},"end":{"line":178,"column":null}},{"start":{},"end":{}}],"line":177},"12":{"loc":{"start":{"line":193,"column":2},"end":{"line":194,"column":null}},"type":"if","locations":[{"start":{"line":193,"column":2},"end":{"line":194,"column":null}},{"start":{},"end":{}}],"line":193},"13":{"loc":{"start":{"line":212,"column":2},"end":{"line":213,"column":null}},"type":"if","locations":[{"start":{"line":212,"column":2},"end":{"line":213,"column":null}},{"start":{},"end":{}}],"line":212},"14":{"loc":{"start":{"line":218,"column":2},"end":{"line":218,"column":null}},"type":"if","locations":[{"start":{"line":218,"column":2},"end":{"line":218,"column":null}},{"start":{},"end":{}}],"line":218},"15":{"loc":{"start":{"line":219,"column":2},"end":{"line":219,"column":null}},"type":"if","locations":[{"start":{"line":219,"column":2},"end":{"line":219,"column":null}},{"start":{},"end":{}}],"line":219},"16":{"loc":{"start":{"line":231,"column":2},"end":{"line":232,"column":null}},"type":"if","locations":[{"start":{"line":231,"column":2},"end":{"line":232,"column":null}},{"start":{},"end":{}}],"line":231},"17":{"loc":{"start":{"line":237,"column":11},"end":{"line":237,"column":null}},"type":"binary-expr","locations":[{"start":{"line":237,"column":11},"end":{"line":237,"column":25}},{"start":{"line":237,"column":25},"end":{"line":237,"column":null}}],"line":237},"18":{"loc":{"start":{"line":238,"column":12},"end":{"line":238,"column":null}},"type":"binary-expr","locations":[{"start":{"line":238,"column":12},"end":{"line":238,"column":27}},{"start":{"line":238,"column":27},"end":{"line":238,"column":null}}],"line":238}},"s":{"0":31,"1":31,"2":31,"3":31,"4":31,"5":1,"6":30,"7":20,"8":20,"9":20,"10":20,"11":20,"12":20,"13":20,"14":9,"15":9,"16":9,"17":9,"18":9,"19":9,"20":0,"21":9,"22":3,"23":3,"24":3,"25":3,"26":2,"27":2,"28":3,"29":2,"30":2,"31":2,"32":2,"33":2,"34":2,"35":1,"36":2,"37":1,"38":2,"39":5,"40":5,"41":5,"42":4,"43":4,"44":4,"45":4,"46":4,"47":5,"48":11,"49":1,"50":10,"51":10,"52":10,"53":10,"54":5,"55":1,"56":4,"57":4,"58":4,"59":4,"60":3,"61":1,"62":2,"63":2,"64":2,"65":2,"66":2,"67":0,"68":2,"69":2,"70":2,"71":2,"72":2,"73":0,"74":2,"75":2,"76":2,"77":2,"78":0,"79":2,"80":2,"81":2,"82":2,"83":9,"84":9},"f":{"0":31,"1":20,"2":9,"3":3,"4":2,"5":3,"6":1,"7":5,"8":11,"9":5,"10":3,"11":2,"12":2,"13":9},"b":{"0":[31,0],"1":[1,30],"2":[31,31,30],"3":[3,3],"4":[0,3],"5":[2,0],"6":[1,1],"7":[4,1],"8":[4,0],"9":[4,4],"10":[1,10],"11":[1,4],"12":[1,2],"13":[0,2],"14":[2,0],"15":[0,2],"16":[0,2],"17":[2,0],"18":[2,2]},"meta":{"lastBranch":19,"lastFunction":14,"lastStatement":85,"seen":{"f:17:16:17:28":0,"s:18:14:18:26":0,"s:19:17:19:63":1,"b:19:17:19:33:19:33:19:63":0,"s:20:16:20:45":2,"s:21:17:21:47":3,"b:22:2:23:Infinity:undefined:undefined:undefined:undefined":1,"s:22:2:23:Infinity":4,"b:22:6:22:17:22:17:22:27:22:27:22:36":2,"s:23:4:23:Infinity":5,"s:25:2:25:Infinity":6,"f:29:9:29:Infinity":1,"s:34:22:34:53":7,"s:35:2:52:Infinity":8,"s:36:10:36:72":9,"s:38:10:40:Infinity":10,"s:43:10:48:19":11,"s:50:4:50:Infinity":12,"s:52:4:52:Infinity":13,"f:57:9:57:Infinity":2,"s:61:22:61:53":14,"s:62:2:71:Infinity":15,"s:63:10:63:72":16,"s:64:10:64:61":17,"s:65:4:68:Infinity":18,"s:66:6:66:Infinity":19,"s:68:6:68:Infinity":20,"s:71:4:71:Infinity":21,"f:86:22:86:Infinity":3,"s:91:21:91:Infinity":22,"s:92:20:92:Infinity":23,"s:93:17:98:4":24,"b:96:11:96:26:96:26:96:Infinity":3,"b:97:22:97:43:97:46:97:Infinity":4,"s:100:2:100:Infinity":25,"f:103:9:103:25":4,"s:104:29:107:Infinity":26,"s:109:18:109:62":27,"f:109:29:109:34":5,"s:109:39:109:62":28,"b:110:2:119:Infinity:undefined:undefined:undefined:undefined":5,"s:110:2:119:Infinity":29,"s:111:4:119:Infinity":30,"s:112:21:112:43":31,"s:113:6:113:Infinity":32,"s:114:6:114:Infinity":33,"s:115:24:115:77":34,"f:115:37:115:43":6,"s:115:59:115:77":35,"b:116:6:117:Infinity:undefined:undefined:undefined:undefined":6,"s:116:6:117:Infinity":36,"s:117:8:117:Infinity":37,"s:122:2:122:Infinity":38,"f:128:16:128:32":7,"s:133:82:133:84":39,"s:135:16:135:62":40,"b:136:2:146:Infinity:undefined:undefined:undefined:undefined":7,"s:136:2:146:Infinity":41,"s:137:16:137:38":42,"s:138:23:138:Infinity":43,"s:139:48:144:Infinity":44,"b:145:4:146:Infinity:undefined:undefined:undefined:undefined":8,"s:145:4:146:Infinity":45,"b:145:8:145:22:145:22:145:47":9,"s:146:6:146:Infinity":46,"s:150:2:150:Infinity":47,"f:156:22:156:Infinity":8,"b:161:2:162:Infinity:undefined:undefined:undefined:undefined":10,"s:161:2:162:Infinity":48,"s:162:4:162:Infinity":49,"s:165:15:165:39":50,"s:166:16:166:79":51,"s:167:18:167:59":52,"s:168:2:168:Infinity":53,"f:172:22:172:Infinity":9,"b:177:2:178:Infinity:undefined:undefined:undefined:undefined":11,"s:177:2:178:Infinity":54,"s:178:4:178:Infinity":55,"s:181:15:181:39":56,"s:182:16:182:56":57,"s:183:18:183:59":58,"s:184:2:184:Infinity":59,"f:188:22:188:Infinity":10,"b:193:2:194:Infinity:undefined:undefined:undefined:undefined":12,"s:193:2:194:Infinity":60,"s:194:4:194:Infinity":61,"s:197:15:197:39":62,"s:198:16:201:4":63,"s:202:18:202:59":64,"s:203:2:203:Infinity":65,"f:207:22:207:Infinity":11,"b:212:2:213:Infinity:undefined:undefined:undefined:undefined":13,"s:212:2:213:Infinity":66,"s:213:4:213:Infinity":67,"s:216:15:216:39":68,"s:217:42:217:44":69,"b:218:2:218:Infinity:undefined:undefined:undefined:undefined":14,"s:218:2:218:Infinity":70,"s:218:24:218:Infinity":71,"b:219:2:219:Infinity:undefined:undefined:undefined:undefined":15,"s:219:2:219:Infinity":72,"s:219:20:219:Infinity":73,"s:220:16:220:63":74,"s:221:18:221:59":75,"s:222:2:222:Infinity":76,"f:226:22:226:Infinity":12,"b:231:2:232:Infinity:undefined:undefined:undefined:undefined":16,"s:231:2:232:Infinity":77,"s:232:4:232:Infinity":78,"s:235:15:235:39":79,"s:236:16:239:4":80,"b:237:11:237:25:237:25:237:Infinity":17,"b:238:12:238:27:238:27:238:Infinity":18,"s:240:18:240:59":81,"s:241:2:241:Infinity":82,"f:245:16:245:Infinity":13,"s:249:15:249:34":83,"s:250:2:250:Infinity":84}}}
,"./test/helpers/mock-pool.ts": {"path":"./test/helpers/mock-pool.ts","statementMap":{"0":{"start":{"line":11,"column":15},"end":{"line":11,"column":null}},"1":{"start":{"line":15,"column":18},"end":{"line":15,"column":null}},"2":{"start":{"line":16,"column":2},"end":{"line":22,"column":null}},"3":{"start":{"line":17,"column":4},"end":{"line":22,"column":null}},"4":{"start":{"line":18,"column":6},"end":{"line":19,"column":null}},"5":{"start":{"line":19,"column":8},"end":{"line":19,"column":null}},"6":{"start":{"line":21,"column":6},"end":{"line":22,"column":null}},"7":{"start":{"line":22,"column":8},"end":{"line":22,"column":null}},"8":{"start":{"line":28,"column":16},"end":{"line":28,"column":null}},"9":{"start":{"line":29,"column":2},"end":{"line":32,"column":null}},"10":{"start":{"line":30,"column":4},"end":{"line":32,"column":null}},"11":{"start":{"line":31,"column":6},"end":{"line":32,"column":null}},"12":{"start":{"line":32,"column":8},"end":{"line":32,"column":null}},"13":{"start":{"line":40,"column":2},"end":{"line":57,"column":null}},"14":{"start":{"line":42,"column":6},"end":{"line":42,"column":null}},"15":{"start":{"line":43,"column":6},"end":{"line":43,"column":null}}},"fnMap":{"0":{"name":"validateFilter","decl":{"start":{"line":13,"column":9},"end":{"line":13,"column":24}},"loc":{"start":{"line":13,"column":63},"end":{"line":32,"column":null}},"line":13},"1":{"name":"createValidatingMockPool","decl":{"start":{"line":39,"column":16},"end":{"line":39,"column":41}},"loc":{"start":{"line":39,"column":61},"end":{"line":57,"column":null}},"line":39},"2":{"name":"(anonymous_2)","decl":{"start":{"line":41,"column":38},"end":{"line":41,"column":45}},"loc":{"start":{"line":41,"column":76},"end":{"line":44,"column":null}},"line":41}},"branchMap":{"0":{"loc":{"start":{"line":16,"column":2},"end":{"line":22,"column":null}},"type":"if","locations":[{"start":{"line":16,"column":2},"end":{"line":22,"column":null}},{"start":{},"end":{}}],"line":16},"1":{"loc":{"start":{"line":18,"column":6},"end":{"line":19,"column":null}},"type":"if","locations":[{"start":{"line":18,"column":6},"end":{"line":19,"column":null}},{"start":{},"end":{}}],"line":18},"2":{"loc":{"start":{"line":21,"column":6},"end":{"line":22,"column":null}},"type":"if","locations":[{"start":{"line":21,"column":6},"end":{"line":22,"column":null}},{"start":{},"end":{}}],"line":21},"3":{"loc":{"start":{"line":21,"column":10},"end":{"line":21,"column":39}},"type":"binary-expr","locations":[{"start":{"line":21,"column":10},"end":{"line":21,"column":25}},{"start":{"line":21,"column":29},"end":{"line":21,"column":39}}],"line":21},"4":{"loc":{"start":{"line":29,"column":2},"end":{"line":32,"column":null}},"type":"if","locations":[{"start":{"line":29,"column":2},"end":{"line":32,"column":null}},{"start":{},"end":{}}],"line":29},"5":{"loc":{"start":{"line":31,"column":6},"end":{"line":32,"column":null}},"type":"if","locations":[{"start":{"line":31,"column":6},"end":{"line":32,"column":null}},{"start":{},"end":{}}],"line":31},"6":{"loc":{"start":{"line":39,"column":41},"end":{"line":39,"column":59}},"type":"default-arg","locations":[{"start":{"line":39,"column":57},"end":{"line":39,"column":59}}],"line":39}},"s":{"0":1,"1":9,"2":9,"3":5,"4":5,"5":0,"6":5,"7":0,"8":9,"9":9,"10":3,"11":3,"12":0,"13":10,"14":9,"15":9},"f":{"0":9,"1":10,"2":9},"b":{"0":[5,4],"1":[0,5],"2":[0,5],"3":[5,0],"4":[3,6],"5":[0,3],"6":[10]},"meta":{"lastBranch":7,"lastFunction":3,"lastStatement":16,"seen":{"s:11:15:11:Infinity":0,"f:13:9:13:24":0,"s:15:18:15:Infinity":1,"b:16:2:22:Infinity:undefined:undefined:undefined:undefined":0,"s:16:2:22:Infinity":2,"s:17:4:22:Infinity":3,"b:18:6:19:Infinity:undefined:undefined:undefined:undefined":1,"s:18:6:19:Infinity":4,"s:19:8:19:Infinity":5,"b:21:6:22:Infinity:undefined:undefined:undefined:undefined":2,"s:21:6:22:Infinity":6,"b:21:10:21:25:21:29:21:39":3,"s:22:8:22:Infinity":7,"s:28:16:28:Infinity":8,"b:29:2:32:Infinity:undefined:undefined:undefined:undefined":4,"s:29:2:32:Infinity":9,"s:30:4:32:Infinity":10,"b:31:6:32:Infinity:undefined:undefined:undefined:undefined":5,"s:31:6:32:Infinity":11,"s:32:8:32:Infinity":12,"f:39:16:39:41":1,"b:39:57:39:59":6,"s:40:2:57:Infinity":13,"f:41:38:41:45":2,"s:42:6:42:Infinity":14,"s:43:6:43:Infinity":15}}}
,"./test/zap/mock-nwc-wallet.ts": {"path":"./test/zap/mock-nwc-wallet.ts","statementMap":{"0":{"start":{"line":31,"column":8},"end":{"line":31,"column":38}},"1":{"start":{"line":32,"column":22},"end":{"line":32,"column":59}},"2":{"start":{"line":33,"column":8},"end":{"line":33,"column":45}},"3":{"start":{"line":34,"column":16},"end":{"line":34,"column":null}},"4":{"start":{"line":35,"column":41},"end":{"line":35,"column":43}},"5":{"start":{"line":39,"column":25},"end":{"line":39,"column":null}},"6":{"start":{"line":40,"column":10},"end":{"line":40,"column":70}},"7":{"start":{"line":41,"column":10},"end":{"line":41,"column":68}},"8":{"start":{"line":42,"column":31},"end":{"line":42,"column":52}},"9":{"start":{"line":44,"column":4},"end":{"line":44,"column":null}},"10":{"start":{"line":49,"column":4},"end":{"line":111,"column":null}},"11":{"start":{"line":51,"column":8},"end":{"line":64,"column":null}},"12":{"start":{"line":52,"column":10},"end":{"line":55,"column":null}},"13":{"start":{"line":57,"column":10},"end":{"line":57,"column":null}},"14":{"start":{"line":58,"column":10},"end":{"line":64,"column":null}},"15":{"start":{"line":66,"column":8},"end":{"line":66,"column":null}},"16":{"start":{"line":69,"column":8},"end":{"line":72,"column":null}},"17":{"start":{"line":73,"column":8},"end":{"line":73,"column":null}},"18":{"start":{"line":76,"column":8},"end":{"line":82,"column":null}},"19":{"start":{"line":83,"column":8},"end":{"line":83,"column":null}},"20":{"start":{"line":86,"column":8},"end":{"line":93,"column":null}},"21":{"start":{"line":94,"column":8},"end":{"line":94,"column":null}},"22":{"start":{"line":97,"column":8},"end":{"line":104,"column":null}},"23":{"start":{"line":105,"column":8},"end":{"line":105,"column":null}},"24":{"start":{"line":108,"column":8},"end":{"line":111,"column":null}},"25":{"start":{"line":115,"column":10},"end":{"line":115,"column":85}},"26":{"start":{"line":117,"column":10},"end":{"line":125,"column":16}},"27":{"start":{"line":127,"column":4},"end":{"line":127,"column":null}},"28":{"start":{"line":130,"column":2},"end":{"line":136,"column":null}},"29":{"start":{"line":134,"column":20},"end":{"line":134,"column":null}},"30":{"start":{"line":141,"column":2},"end":{"line":141,"column":null}}},"fnMap":{"0":{"name":"createMockWallet","decl":{"start":{"line":30,"column":16},"end":{"line":30,"column":33}},"loc":{"start":{"line":30,"column":74},"end":{"line":136,"column":null}},"line":30},"1":{"name":"processRequest","decl":{"start":{"line":37,"column":11},"end":{"line":37,"column":26}},"loc":{"start":{"line":37,"column":64},"end":{"line":127,"column":null}},"line":37},"2":{"name":"(anonymous_2)","decl":{"start":{"line":134,"column":8},"end":{"line":134,"column":18}},"loc":{"start":{"line":134,"column":18},"end":{"line":134,"column":null}},"line":134},"3":{"name":"buildNwcUri","decl":{"start":{"line":140,"column":16},"end":{"line":140,"column":28}},"loc":{"start":{"line":140,"column":116},"end":{"line":141,"column":null}},"line":140}},"branchMap":{"0":{"loc":{"start":{"line":34,"column":16},"end":{"line":34,"column":null}},"type":"binary-expr","locations":[{"start":{"line":34,"column":16},"end":{"line":34,"column":33}},{"start":{"line":34,"column":33},"end":{"line":34,"column":null}}],"line":34},"1":{"loc":{"start":{"line":49,"column":4},"end":{"line":111,"column":null}},"type":"switch","locations":[{"start":{"line":50,"column":6},"end":{"line":66,"column":null}},{"start":{"line":68,"column":6},"end":{"line":73,"column":null}},{"start":{"line":75,"column":6},"end":{"line":83,"column":null}},{"start":{"line":85,"column":6},"end":{"line":94,"column":null}},{"start":{"line":96,"column":6},"end":{"line":105,"column":null}},{"start":{"line":107,"column":6},"end":{"line":111,"column":null}}],"line":49},"2":{"loc":{"start":{"line":51,"column":8},"end":{"line":64,"column":null}},"type":"if","locations":[{"start":{"line":51,"column":8},"end":{"line":64,"column":null}},{"start":{"line":56,"column":15},"end":{"line":64,"column":null}}],"line":51},"3":{"loc":{"start":{"line":79,"column":31},"end":{"line":79,"column":53}},"type":"binary-expr","locations":[{"start":{"line":79,"column":31},"end":{"line":79,"column":48}},{"start":{"line":79,"column":48},"end":{"line":79,"column":53}}],"line":79},"4":{"loc":{"start":{"line":89,"column":21},"end":{"line":89,"column":null}},"type":"binary-expr","locations":[{"start":{"line":89,"column":21},"end":{"line":89,"column":39}},{"start":{"line":89,"column":39},"end":{"line":89,"column":null}}],"line":89},"5":{"loc":{"start":{"line":140,"column":72},"end":{"line":140,"column":116}},"type":"default-arg","locations":[{"start":{"line":140,"column":88},"end":{"line":140,"column":116}}],"line":140}},"s":{"0":13,"1":13,"2":13,"3":13,"4":13,"5":11,"6":11,"7":11,"8":11,"9":11,"10":11,"11":5,"12":1,"13":4,"14":4,"15":5,"16":3,"17":3,"18":1,"19":1,"20":1,"21":1,"22":1,"23":1,"24":0,"25":11,"26":11,"27":11,"28":13,"29":2,"30":13},"f":{"0":13,"1":11,"2":2,"3":13},"b":{"0":[13,0],"1":[5,3,1,1,1,0],"2":[1,4],"3":[1,0],"4":[1,1],"5":[13]},"meta":{"lastBranch":6,"lastFunction":4,"lastStatement":31,"seen":{"f:30:16:30:33":0,"s:31:8:31:38":0,"s:32:22:32:59":1,"s:33:8:33:45":2,"s:34:16:34:Infinity":3,"b:34:16:34:33:34:33:34:Infinity":0,"s:35:41:35:43":4,"f:37:11:37:26":1,"s:39:25:39:Infinity":5,"s:40:10:40:70":6,"s:41:10:41:68":7,"s:42:31:42:52":8,"s:44:4:44:Infinity":9,"b:50:6:66:Infinity:68:6:73:Infinity:75:6:83:Infinity:85:6:94:Infinity:96:6:105:Infinity:107:6:111:Infinity":1,"s:49:4:111:Infinity":10,"b:51:8:64:Infinity:56:15:64:Infinity":2,"s:51:8:64:Infinity":11,"s:52:10:55:Infinity":12,"s:57:10:57:Infinity":13,"s:58:10:64:Infinity":14,"s:66:8:66:Infinity":15,"s:69:8:72:Infinity":16,"s:73:8:73:Infinity":17,"s:76:8:82:Infinity":18,"b:79:31:79:48:79:48:79:53":3,"s:83:8:83:Infinity":19,"s:86:8:93:Infinity":20,"b:89:21:89:39:89:39:89:Infinity":4,"s:94:8:94:Infinity":21,"s:97:8:104:Infinity":22,"s:105:8:105:Infinity":23,"s:108:8:111:Infinity":24,"s:115:10:115:85":25,"s:117:10:125:16":26,"s:127:4:127:Infinity":27,"s:130:2:136:Infinity":28,"f:134:8:134:18":2,"s:134:20:134:Infinity":29,"f:140:16:140:28":3,"b:140:88:140:116":5,"s:141:2:141:Infinity":30}}}
}
